GENERATED-FROM: yosys Yosys 0.65+71 (git sha1 e56c6a954, clang++ 18.1.8 -fPIC -O3) synth_wb_bridge.ys 2026-07-20T06:45:13+00:00

 /----------------------------------------------------------------------------\
 |  yosys -- Yosys Open SYnthesis Suite                                       |
 |  Copyright (C) 2012 - 2026  Claire Xenia Wolf <claire@yosyshq.com>         |
 |  Distributed under an ISC-like license, type "license" to see terms        |
 \----------------------------------------------------------------------------/
 Yosys 0.65+71 (git sha1 e56c6a954, clang++ 18.1.8 -fPIC -O3)

-- Executing script file `/home/smdadmin/hermes_workspace/projects/PRJ-001/v0/04_frontend_stage/rtl-wb_bridge/synth/synth_wb_bridge.ys' --

1. Executing Verilog-2005 frontend: /home/smdadmin/hermes_workspace/projects/PRJ-001/v0/04_frontend_stage/rtl-wb_bridge/rtl/wb_bridge.v
Parsing Verilog input from `/home/smdadmin/hermes_workspace/projects/PRJ-001/v0/04_frontend_stage/rtl-wb_bridge/rtl/wb_bridge.v' to AST representation.
Generating RTLIL representation for module `\wb_bridge'.
Successfully finished Verilog frontend.

2. Executing HIERARCHY pass (managing design hierarchy).

2.1. Analyzing design hierarchy..
Top module:  \wb_bridge

2.2. Analyzing design hierarchy..
Top module:  \wb_bridge
Removed 0 unused modules.

3. Executing PROC pass (convert processes to netlists).

3.1. Executing PROC_CLEAN pass (remove empty switches from decision trees).
Cleaned up 0 empty switches.

3.2. Executing PROC_RMDEAD pass (remove dead branches from decision trees).
Marked 2 switch rules as full_case in process $proc$/home/smdadmin/hermes_workspace/projects/PRJ-001/v0/04_frontend_stage/rtl-wb_bridge/rtl/wb_bridge.v:103$7 in module wb_bridge.
Marked 1 switch rules as full_case in process $proc$/home/smdadmin/hermes_workspace/projects/PRJ-001/v0/04_frontend_stage/rtl-wb_bridge/rtl/wb_bridge.v:81$6 in module wb_bridge.
Removed 1 dead cases from process $proc$/home/smdadmin/hermes_workspace/projects/PRJ-001/v0/04_frontend_stage/rtl-wb_bridge/rtl/wb_bridge.v:59$3 in module wb_bridge.
Marked 3 switch rules as full_case in process $proc$/home/smdadmin/hermes_workspace/projects/PRJ-001/v0/04_frontend_stage/rtl-wb_bridge/rtl/wb_bridge.v:59$3 in module wb_bridge.
Marked 1 switch rules as full_case in process $proc$/home/smdadmin/hermes_workspace/projects/PRJ-001/v0/04_frontend_stage/rtl-wb_bridge/rtl/wb_bridge.v:51$1 in module wb_bridge.
Removed a total of 1 dead cases.

3.3. Executing PROC_PRUNE pass (remove redundant assignments in processes).
Removed 2 redundant assignments.
Promoted 6 assignments to connections.

3.4. Executing PROC_INIT pass (extract init attributes).

3.5. Executing PROC_ARST pass (detect async resets in processes).
Found async reset \rst_ni in `\wb_bridge.$proc$/home/smdadmin/hermes_workspace/projects/PRJ-001/v0/04_frontend_stage/rtl-wb_bridge/rtl/wb_bridge.v:103$7'.
Found async reset \rst_ni in `\wb_bridge.$proc$/home/smdadmin/hermes_workspace/projects/PRJ-001/v0/04_frontend_stage/rtl-wb_bridge/rtl/wb_bridge.v:51$1'.

3.6. Executing PROC_ROM pass (convert switches to ROMs).
Converted 0 switches.
<suppressed ~5 debug messages>

3.7. Executing PROC_MUX pass (convert decision trees to multiplexers).
Creating decoders for process `\wb_bridge.$proc$/home/smdadmin/hermes_workspace/projects/PRJ-001/v0/04_frontend_stage/rtl-wb_bridge/rtl/wb_bridge.v:103$7'.
     1/2: $0\wb_ack_o[0:0]
     2/2: $0\wb_dat_o[31:0]
Creating decoders for process `\wb_bridge.$proc$/home/smdadmin/hermes_workspace/projects/PRJ-001/v0/04_frontend_stage/rtl-wb_bridge/rtl/wb_bridge.v:81$6'.
     1/2: $1\apb_penable[0:0]
     2/2: $1\apb_psel[0:0]
Creating decoders for process `\wb_bridge.$proc$/home/smdadmin/hermes_workspace/projects/PRJ-001/v0/04_frontend_stage/rtl-wb_bridge/rtl/wb_bridge.v:59$3'.
     1/3: $3\next_state[1:0]
     2/3: $2\next_state[1:0]
     3/3: $1\next_state[1:0]
Creating decoders for process `\wb_bridge.$proc$/home/smdadmin/hermes_workspace/projects/PRJ-001/v0/04_frontend_stage/rtl-wb_bridge/rtl/wb_bridge.v:51$1'.
     1/1: $0\state[1:0]

3.8. Executing PROC_DLATCH pass (convert process syncs to latches).
No latch inferred for signal `\wb_bridge.\apb_paddr' from process `\wb_bridge.$proc$/home/smdadmin/hermes_workspace/projects/PRJ-001/v0/04_frontend_stage/rtl-wb_bridge/rtl/wb_bridge.v:81$6'.
No latch inferred for signal `\wb_bridge.\apb_pwdata' from process `\wb_bridge.$proc$/home/smdadmin/hermes_workspace/projects/PRJ-001/v0/04_frontend_stage/rtl-wb_bridge/rtl/wb_bridge.v:81$6'.
No latch inferred for signal `\wb_bridge.\apb_pwrite' from process `\wb_bridge.$proc$/home/smdadmin/hermes_workspace/projects/PRJ-001/v0/04_frontend_stage/rtl-wb_bridge/rtl/wb_bridge.v:81$6'.
No latch inferred for signal `\wb_bridge.\apb_psel' from process `\wb_bridge.$proc$/home/smdadmin/hermes_workspace/projects/PRJ-001/v0/04_frontend_stage/rtl-wb_bridge/rtl/wb_bridge.v:81$6'.
No latch inferred for signal `\wb_bridge.\apb_penable' from process `\wb_bridge.$proc$/home/smdadmin/hermes_workspace/projects/PRJ-001/v0/04_frontend_stage/rtl-wb_bridge/rtl/wb_bridge.v:81$6'.
No latch inferred for signal `\wb_bridge.\next_state' from process `\wb_bridge.$proc$/home/smdadmin/hermes_workspace/projects/PRJ-001/v0/04_frontend_stage/rtl-wb_bridge/rtl/wb_bridge.v:59$3'.

3.9. Executing PROC_DFF pass (convert process syncs to FFs).
Creating register for signal `\wb_bridge.\wb_dat_o' using process `\wb_bridge.$proc$/home/smdadmin/hermes_workspace/projects/PRJ-001/v0/04_frontend_stage/rtl-wb_bridge/rtl/wb_bridge.v:103$7'.
  created $adff cell `$procdff$54' with positive edge clock and positive level reset.
Creating register for signal `\wb_bridge.\wb_ack_o' using process `\wb_bridge.$proc$/home/smdadmin/hermes_workspace/projects/PRJ-001/v0/04_frontend_stage/rtl-wb_bridge/rtl/wb_bridge.v:103$7'.
  created $adff cell `$procdff$59' with positive edge clock and positive level reset.
Creating register for signal `\wb_bridge.\state' using process `\wb_bridge.$proc$/home/smdadmin/hermes_workspace/projects/PRJ-001/v0/04_frontend_stage/rtl-wb_bridge/rtl/wb_bridge.v:51$1'.
  created $adff cell `$procdff$64' with positive edge clock and positive level reset.

3.10. Executing PROC_MEMWR pass (convert process memory writes to cells).

3.11. Executing PROC_CLEAN pass (remove empty switches from decision trees).
Found and cleaned up 1 empty switch in `\wb_bridge.$proc$/home/smdadmin/hermes_workspace/projects/PRJ-001/v0/04_frontend_stage/rtl-wb_bridge/rtl/wb_bridge.v:103$7'.
Removing empty process `wb_bridge.$proc$/home/smdadmin/hermes_workspace/projects/PRJ-001/v0/04_frontend_stage/rtl-wb_bridge/rtl/wb_bridge.v:103$7'.
Found and cleaned up 1 empty switch in `\wb_bridge.$proc$/home/smdadmin/hermes_workspace/projects/PRJ-001/v0/04_frontend_stage/rtl-wb_bridge/rtl/wb_bridge.v:81$6'.
Removing empty process `wb_bridge.$proc$/home/smdadmin/hermes_workspace/projects/PRJ-001/v0/04_frontend_stage/rtl-wb_bridge/rtl/wb_bridge.v:81$6'.
Found and cleaned up 3 empty switches in `\wb_bridge.$proc$/home/smdadmin/hermes_workspace/projects/PRJ-001/v0/04_frontend_stage/rtl-wb_bridge/rtl/wb_bridge.v:59$3'.
Removing empty process `wb_bridge.$proc$/home/smdadmin/hermes_workspace/projects/PRJ-001/v0/04_frontend_stage/rtl-wb_bridge/rtl/wb_bridge.v:59$3'.
Removing empty process `wb_bridge.$proc$/home/smdadmin/hermes_workspace/projects/PRJ-001/v0/04_frontend_stage/rtl-wb_bridge/rtl/wb_bridge.v:51$1'.
Cleaned up 5 empty switches.

3.12. Executing OPT_EXPR pass (perform const folding).
Optimizing module wb_bridge.
<suppressed ~8 debug messages>

4. Executing OPT pass (performing simple optimizations).

4.1. Executing OPT_EXPR pass (perform const folding).
Optimizing module wb_bridge.

4.2. Executing OPT_MERGE pass (detect identical cells).
Finding identical cells in module `\wb_bridge'.
Computing hashes of 37 cells of `\wb_bridge'.
Finding duplicate cells in `\wb_bridge'.
Computing hashes of 26 cells of `\wb_bridge'.
Finding duplicate cells in `\wb_bridge'.
Computing hashes of 25 cells of `\wb_bridge'.
Finding duplicate cells in `\wb_bridge'.
<suppressed ~36 debug messages>
Removed a total of 12 cells.

4.3. Executing OPT_MUXTREE pass (detect dead branches in mux trees).
Running muxtree optimizer on module \wb_bridge..
  Creating internal representation of mux trees.
  Evaluating internal representation of mux trees.
  Analyzing evaluation results.
    dead port 2/2 on $mux $procmux$35.
    dead port 2/2 on $mux $procmux$43.
Removed 2 multiplexer ports.
<suppressed ~14 debug messages>

4.4. Executing OPT_REDUCE pass (consolidate $*mux and $reduce_* inputs).
  Optimizing cells in module \wb_bridge.
    New ctrl vector for $pmux cell $procmux$28: $auto$opt_reduce.cc:135:opt_pmux$66
  Optimizing cells in module \wb_bridge.
Performed a total of 1 changes.

4.5. Executing OPT_MERGE pass (detect identical cells).
Finding identical cells in module `\wb_bridge'.
Computing hashes of 24 cells of `\wb_bridge'.
Finding duplicate cells in `\wb_bridge'.
Removed a total of 0 cells.

4.6. Executing OPT_DFF pass (perform DFF optimizations).
Adding EN signal on $procdff$64 ($adff) from module wb_bridge (D = $procmux$45_Y, Q = \state).
Adding EN signal on $procdff$54 ($adff) from module wb_bridge (D = \apb_prdata, Q = \wb_dat_o).

4.7. Executing OPT_CLEAN pass (remove unused cells and wires).
Finding unused cells or wires in module \wb_bridge..
Removed 3 unused cells and 42 unused wires.
<suppressed ~4 debug messages>

4.8. Executing OPT_EXPR pass (perform const folding).
Optimizing module wb_bridge.

4.9. Rerunning OPT passes. (Maybe there is more to do..)

4.10. Executing OPT_MUXTREE pass (detect dead branches in mux trees).
Running muxtree optimizer on module \wb_bridge..
  Creating internal representation of mux trees.
  Evaluating internal representation of mux trees.
  Analyzing evaluation results.
Removed 0 multiplexer ports.
<suppressed ~10 debug messages>

4.11. Executing OPT_REDUCE pass (consolidate $*mux and $reduce_* inputs).
  Optimizing cells in module \wb_bridge.
Performed a total of 0 changes.

4.12. Executing OPT_MERGE pass (detect identical cells).
Finding identical cells in module `\wb_bridge'.
Computing hashes of 24 cells of `\wb_bridge'.
Finding duplicate cells in `\wb_bridge'.
Removed a total of 0 cells.

4.13. Executing OPT_DFF pass (perform DFF optimizations).

4.14. Executing OPT_CLEAN pass (remove unused cells and wires).
Finding unused cells or wires in module \wb_bridge..

4.15. Executing OPT_EXPR pass (perform const folding).
Optimizing module wb_bridge.

4.16. Finished fast OPT passes. (There is nothing left to do.)

5. Executing FSM pass (extract and optimize FSM).

5.1. Executing FSM_DETECT pass (finding FSMs in design).

5.2. Executing FSM_EXTRACT pass (extracting FSM from design).

5.3. Executing FSM_OPT pass (simple optimizations of FSMs).

5.4. Executing OPT_CLEAN pass (remove unused cells and wires).
Finding unused cells or wires in module \wb_bridge..

5.5. Executing FSM_OPT pass (simple optimizations of FSMs).

5.6. Executing FSM_RECODE pass (re-assigning FSM state encoding).

5.7. Executing FSM_INFO pass (dumping all available information on FSM cells).

5.8. Executing FSM_MAP pass (mapping FSMs to basic logic).

6. Executing OPT pass (performing simple optimizations).

6.1. Executing OPT_EXPR pass (perform const folding).
Optimizing module wb_bridge.

6.2. Executing OPT_MERGE pass (detect identical cells).
Finding identical cells in module `\wb_bridge'.
Computing hashes of 24 cells of `\wb_bridge'.
Finding duplicate cells in `\wb_bridge'.
Removed a total of 0 cells.

6.3. Executing OPT_MUXTREE pass (detect dead branches in mux trees).
Running muxtree optimizer on module \wb_bridge..
  Creating internal representation of mux trees.
  Evaluating internal representation of mux trees.
  Analyzing evaluation results.
Removed 0 multiplexer ports.
<suppressed ~10 debug messages>

6.4. Executing OPT_REDUCE pass (consolidate $*mux and $reduce_* inputs).
  Optimizing cells in module \wb_bridge.
Performed a total of 0 changes.

6.5. Executing OPT_MERGE pass (detect identical cells).
Finding identical cells in module `\wb_bridge'.
Computing hashes of 24 cells of `\wb_bridge'.
Finding duplicate cells in `\wb_bridge'.
Removed a total of 0 cells.

6.6. Executing OPT_DFF pass (perform DFF optimizations).

6.7. Executing OPT_CLEAN pass (remove unused cells and wires).
Finding unused cells or wires in module \wb_bridge..

6.8. Executing OPT_EXPR pass (perform const folding).
Optimizing module wb_bridge.

6.9. Finished fast OPT passes. (There is nothing left to do.)

7. Executing MEMORY pass.

7.1. Executing OPT_MEM pass (optimize memories).
Performed a total of 0 transformations.

7.2. Executing OPT_MEM_PRIORITY pass (removing unnecessary memory write priority relations).
Performed a total of 0 transformations.

7.3. Executing OPT_MEM_FEEDBACK pass (finding memory read-to-write feedback paths).

7.4. Executing MEMORY_BMUX2ROM pass (converting muxes to ROMs).

7.5. Executing MEMORY_DFF pass (merging $dff cells to $memrd).

7.6. Executing OPT_CLEAN pass (remove unused cells and wires).
Finding unused cells or wires in module \wb_bridge..

7.7. Executing MEMORY_SHARE pass (consolidating $memrd/$memwr cells).

7.8. Executing OPT_MEM_WIDEN pass (optimize memories where all ports are wide).
Performed a total of 0 transformations.

7.9. Executing OPT_CLEAN pass (remove unused cells and wires).
Finding unused cells or wires in module \wb_bridge..

7.10. Executing MEMORY_COLLECT pass (generating $mem cells).

7.11. Executing MEMORY_MAP pass (converting memories to logic and flip-flops).

8. Executing OPT pass (performing simple optimizations).

8.1. Executing OPT_EXPR pass (perform const folding).
Optimizing module wb_bridge.

8.2. Executing OPT_MERGE pass (detect identical cells).
Finding identical cells in module `\wb_bridge'.
Computing hashes of 24 cells of `\wb_bridge'.
Finding duplicate cells in `\wb_bridge'.
Removed a total of 0 cells.

8.3. Executing OPT_MUXTREE pass (detect dead branches in mux trees).
Running muxtree optimizer on module \wb_bridge..
  Creating internal representation of mux trees.
  Evaluating internal representation of mux trees.
  Analyzing evaluation results.
Removed 0 multiplexer ports.
<suppressed ~10 debug messages>

8.4. Executing OPT_REDUCE pass (consolidate $*mux and $reduce_* inputs).
  Optimizing cells in module \wb_bridge.
Performed a total of 0 changes.

8.5. Executing OPT_MERGE pass (detect identical cells).
Finding identical cells in module `\wb_bridge'.
Computing hashes of 24 cells of `\wb_bridge'.
Finding duplicate cells in `\wb_bridge'.
Removed a total of 0 cells.

8.6. Executing OPT_DFF pass (perform DFF optimizations).

8.7. Executing OPT_CLEAN pass (remove unused cells and wires).
Finding unused cells or wires in module \wb_bridge..

8.8. Executing OPT_EXPR pass (perform const folding).
Optimizing module wb_bridge.

8.9. Finished fast OPT passes. (There is nothing left to do.)

9. Executing TECHMAP pass (map to technology primitives).

9.1. Executing Verilog-2005 frontend: /home/smdadmin/oss-cad-suite/lib/../share/yosys/techmap.v
Parsing Verilog input from `/home/smdadmin/oss-cad-suite/lib/../share/yosys/techmap.v' to AST representation.
Generating RTLIL representation for module `\_90_simplemap_bool_ops'.
Generating RTLIL representation for module `\_90_simplemap_reduce_ops'.
Generating RTLIL representation for module `\_90_simplemap_logic_ops'.
Generating RTLIL representation for module `\_90_simplemap_compare_ops'.
Generating RTLIL representation for module `\_90_simplemap_various'.
Generating RTLIL representation for module `\_90_simplemap_registers'.
Generating RTLIL representation for module `\_90_shift_ops_shr_shl_sshl_sshr'.
Generating RTLIL representation for module `\_90_shift_shiftx'.
Generating RTLIL representation for module `\_90_fa'.
Generating RTLIL representation for module `\_90_lcu_brent_kung'.
Generating RTLIL representation for module `\_90_alu'.
Generating RTLIL representation for module `\_90_macc'.
Generating RTLIL representation for module `\_90_alumacc'.
Generating RTLIL representation for module `$__div_mod_u'.
Generating RTLIL representation for module `$__div_mod_trunc'.
Generating RTLIL representation for module `\_90_div'.
Generating RTLIL representation for module `\_90_mod'.
Generating RTLIL representation for module `$__div_mod_floor'.
Generating RTLIL representation for module `\_90_divfloor'.
Generating RTLIL representation for module `\_90_modfloor'.
Generating RTLIL representation for module `\_90_pow'.
Generating RTLIL representation for module `\_90_pmux'.
Generating RTLIL representation for module `\_90_demux'.
Generating RTLIL representation for module `\_90_lut'.
Generating RTLIL representation for module `$connect'.
Generating RTLIL representation for module `$input_port'.
Successfully finished Verilog frontend.

9.2. Continuing TECHMAP pass.
Using extmapper simplemap for cells of type $adffe.
Using extmapper simplemap for cells of type $reduce_and.
Using extmapper simplemap for cells of type $ne.
Using extmapper simplemap for cells of type $reduce_or.
Using extmapper simplemap for cells of type $logic_and.
Using extmapper simplemap for cells of type $logic_not.
Using extmapper simplemap for cells of type $logic_or.
Using extmapper simplemap for cells of type $mux.
Using extmapper simplemap for cells of type $eq.
Using template $paramod$068ad458e7761d78e5eed8238508872e7b0aef95\_90_pmux for cells of type $pmux.
Using extmapper simplemap for cells of type $adff.
Using extmapper simplemap for cells of type $and.
No more expansions possible.
<suppressed ~122 debug messages>

10. Executing OPT pass (performing simple optimizations).

10.1. Executing OPT_EXPR pass (perform const folding).
Optimizing module wb_bridge.
<suppressed ~22 debug messages>

10.2. Executing OPT_MERGE pass (detect identical cells).
Finding identical cells in module `\wb_bridge'.
Computing hashes of 75 cells of `\wb_bridge'.
Finding duplicate cells in `\wb_bridge'.
Computing hashes of 71 cells of `\wb_bridge'.
Finding duplicate cells in `\wb_bridge'.
Computing hashes of 70 cells of `\wb_bridge'.
Finding duplicate cells in `\wb_bridge'.
<suppressed ~15 debug messages>
Removed a total of 5 cells.

10.3. Executing OPT_MUXTREE pass (detect dead branches in mux trees).
Running muxtree optimizer on module \wb_bridge..
  Creating internal representation of mux trees.
  No muxes found in this module.
Removed 0 multiplexer ports.

10.4. Executing OPT_REDUCE pass (consolidate $*mux and $reduce_* inputs).
  Optimizing cells in module \wb_bridge.
Performed a total of 0 changes.

10.5. Executing OPT_MERGE pass (detect identical cells).
Finding identical cells in module `\wb_bridge'.
Computing hashes of 70 cells of `\wb_bridge'.
Finding duplicate cells in `\wb_bridge'.
Removed a total of 0 cells.

10.6. Executing OPT_DFF pass (perform DFF optimizations).

10.7. Executing OPT_CLEAN pass (remove unused cells and wires).
Finding unused cells or wires in module \wb_bridge..
Removed 0 unused cells and 39 unused wires.
<suppressed ~1 debug messages>

10.8. Executing OPT_EXPR pass (perform const folding).
Optimizing module wb_bridge.

10.9. Rerunning OPT passes. (Maybe there is more to do..)

10.10. Executing OPT_MUXTREE pass (detect dead branches in mux trees).
Running muxtree optimizer on module \wb_bridge..
  Creating internal representation of mux trees.
  No muxes found in this module.
Removed 0 multiplexer ports.

10.11. Executing OPT_REDUCE pass (consolidate $*mux and $reduce_* inputs).
  Optimizing cells in module \wb_bridge.
Performed a total of 0 changes.

10.12. Executing OPT_MERGE pass (detect identical cells).
Finding identical cells in module `\wb_bridge'.
Computing hashes of 70 cells of `\wb_bridge'.
Finding duplicate cells in `\wb_bridge'.
Removed a total of 0 cells.

10.13. Executing OPT_DFF pass (perform DFF optimizations).

10.14. Executing OPT_CLEAN pass (remove unused cells and wires).
Finding unused cells or wires in module \wb_bridge..

10.15. Executing OPT_EXPR pass (perform const folding).
Optimizing module wb_bridge.

10.16. Finished fast OPT passes. (There is nothing left to do.)

11. Executing DFFLIBMAP pass (mapping DFF cells to sequential cells from liberty file).
  cell sky130_fd_sc_hd__dfxtp_1 (noninv, pins=3, area=20.02) is a direct match for cell type $_DFF_P_.
  cell sky130_fd_sc_hd__dfrtn_1 (noninv, pins=4, area=25.02) is a direct match for cell type $_DFF_NN0_.
  cell sky130_fd_sc_hd__dfrtp_1 (noninv, pins=4, area=25.02) is a direct match for cell type $_DFF_PN0_.
  cell sky130_fd_sc_hd__dfstp_2 (noninv, pins=4, area=26.28) is a direct match for cell type $_DFF_PN1_.
  cell sky130_fd_sc_hd__edfxtp_1 (noninv, pins=4, area=30.03) is a direct match for cell type $_DFFE_PP_.
  cell sky130_fd_sc_hd__dfbbn_1 (noninv, pins=6, area=32.53) is a direct match for cell type $_DFFSR_NNN_.
  cell sky130_fd_sc_hd__dfbbp_1 (noninv, pins=6, area=32.53) is a direct match for cell type $_DFFSR_PNN_.
  final dff cell mappings:
    unmapped dff cell: $_DFF_N_
    \sky130_fd_sc_hd__dfxtp_1 _DFF_P_ (.CLK( C), .D( D), .Q( Q));
    \sky130_fd_sc_hd__dfrtn_1 _DFF_NN0_ (.CLK_N( C), .D( D), .Q( Q), .RESET_B( R));
    unmapped dff cell: $_DFF_NN1_
    unmapped dff cell: $_DFF_NP0_
    unmapped dff cell: $_DFF_NP1_
    \sky130_fd_sc_hd__dfrtp_1 _DFF_PN0_ (.CLK( C), .D( D), .Q( Q), .RESET_B( R));
    \sky130_fd_sc_hd__dfstp_2 _DFF_PN1_ (.CLK( C), .D( D), .Q( Q), .SET_B( R));
    unmapped dff cell: $_DFF_PP0_
    unmapped dff cell: $_DFF_PP1_
    unmapped dff cell: $_DFFE_NN_
    unmapped dff cell: $_DFFE_NP_
    unmapped dff cell: $_DFFE_PN_
    \sky130_fd_sc_hd__edfxtp_1 _DFFE_PP_ (.CLK( C), .D( D), .DE( E), .Q( Q));
    \sky130_fd_sc_hd__dfbbn_1 _DFFSR_NNN_ (.CLK_N( C), .D( D), .Q( Q), .Q_N(~Q), .RESET_B( R), .SET_B( S));
    unmapped dff cell: $_DFFSR_NNP_
    unmapped dff cell: $_DFFSR_NPN_
    unmapped dff cell: $_DFFSR_NPP_
    \sky130_fd_sc_hd__dfbbp_1 _DFFSR_PNN_ (.CLK( C), .D( D), .Q( Q), .Q_N(~Q), .RESET_B( R), .SET_B( S));
    unmapped dff cell: $_DFFSR_PNP_
    unmapped dff cell: $_DFFSR_PPN_
    unmapped dff cell: $_DFFSR_PPP_

11.1. Executing DFFLEGALIZE pass (convert FFs to types supported by the target).
<suppressed ~24 debug messages>
Mapping DFF cells in module `\wb_bridge':
  mapped 35 $_DFF_PN0_ cells to \sky130_fd_sc_hd__dfrtp_1 cells.

12. Executing ABC pass (technology mapping using ABC).

12.1. Extracting gate netlist of module `\wb_bridge' to `<abc-temp-dir>/input.blif'..
ABC: using cached merged SCL: /tmp/yosys-liberty-scl-cache/yosys_merged_f46f2c32.scl (1 files)
Replacing 5 occurrences of constant undef bits with constant zero bits

12.1.1. Executed ABC.
Extracted 69 gates and 143 wires to a netlist network with 71 inputs and 38 outputs.
Running ABC script: <abc-temp-dir>/abc.script
ABC: UC Berkeley, ABC 1.01 (compiled Apr 26 2026 04:19:40)
ABC: abc 01> empty
ABC: abc 01> source <abc-temp-dir>/abc.script
ABC: + read_blif <abc-temp-dir>/input.blif 
ABC: + read_scl /tmp/yosys-liberty-scl-cache/yosys_merged_f46f2c32.scl 
ABC: Warning: Detected 9 multi-output cells (for example, "sky130_fd_sc_hd__fa_1").
ABC: + strash 
ABC: + &get -n 
ABC: + &fraig -x 
ABC: + &put 
ABC: + scorr 
ABC: Warning: The network is combinational (run "fraig" or "fraig_sweep").
ABC: + dc2 
ABC: + dretime 
ABC: + strash 
ABC: + &get -n 
ABC: + &dch -f 
ABC: + &nf 
ABC: + &put 
ABC: + write_blif <abc-temp-dir>/output.blif 
ABC: 
ABC: YOSYS_ABC_DONE 

12.1.2. Re-integrating ABC results.
ABC RESULTS:   sky130_fd_sc_hd__and3b_1 cells:        1
ABC RESULTS:   sky130_fd_sc_hd__lpflow_isobufsrc_1 cells:        1
ABC RESULTS:   sky130_fd_sc_hd__mux2_1 cells:       32
ABC RESULTS:   sky130_fd_sc_hd__nand2_1 cells:        1
ABC RESULTS:   sky130_fd_sc_hd__nand4b_1 cells:        1
ABC RESULTS:   sky130_fd_sc_hd__o21bai_1 cells:        1
ABC RESULTS:   sky130_fd_sc_hd__o2bb2ai_1 cells:        1
ABC RESULTS:   sky130_fd_sc_hd__xor2_1 cells:        2
ABC RESULTS:        internal signals:       34
ABC RESULTS:           input signals:       71
ABC RESULTS:          output signals:       38
Removing temp directory.
Removing global temp directory.

13. Executing OPT pass (performing simple optimizations).

13.1. Executing OPT_EXPR pass (perform const folding).
Optimizing module wb_bridge.

13.2. Executing OPT_MERGE pass (detect identical cells).
Finding identical cells in module `\wb_bridge'.
Computing hashes of 75 cells of `\wb_bridge'.
Finding duplicate cells in `\wb_bridge'.
Removed a total of 0 cells.

13.3. Executing OPT_MUXTREE pass (detect dead branches in mux trees).
Running muxtree optimizer on module \wb_bridge..
  Creating internal representation of mux trees.
  No muxes found in this module.
Removed 0 multiplexer ports.

13.4. Executing OPT_REDUCE pass (consolidate $*mux and $reduce_* inputs).
  Optimizing cells in module \wb_bridge.
Performed a total of 0 changes.

13.5. Executing OPT_MERGE pass (detect identical cells).
Finding identical cells in module `\wb_bridge'.
Computing hashes of 75 cells of `\wb_bridge'.
Finding duplicate cells in `\wb_bridge'.
Removed a total of 0 cells.

13.6. Executing OPT_DFF pass (perform DFF optimizations).

13.7. Executing OPT_CLEAN pass (remove unused cells and wires).
Finding unused cells or wires in module \wb_bridge..
Removed 0 unused cells and 131 unused wires.
<suppressed ~2 debug messages>

13.8. Executing OPT_EXPR pass (perform const folding).
Optimizing module wb_bridge.

13.9. Rerunning OPT passes. (Maybe there is more to do..)

13.10. Executing OPT_MUXTREE pass (detect dead branches in mux trees).
Running muxtree optimizer on module \wb_bridge..
  Creating internal representation of mux trees.
  No muxes found in this module.
Removed 0 multiplexer ports.

13.11. Executing OPT_REDUCE pass (consolidate $*mux and $reduce_* inputs).
  Optimizing cells in module \wb_bridge.
Performed a total of 0 changes.

13.12. Executing OPT_MERGE pass (detect identical cells).
Finding identical cells in module `\wb_bridge'.
Computing hashes of 75 cells of `\wb_bridge'.
Finding duplicate cells in `\wb_bridge'.
Removed a total of 0 cells.

13.13. Executing OPT_DFF pass (perform DFF optimizations).

13.14. Executing OPT_CLEAN pass (remove unused cells and wires).
Finding unused cells or wires in module \wb_bridge..

13.15. Executing OPT_EXPR pass (perform const folding).
Optimizing module wb_bridge.

13.16. Finished fast OPT passes. (There is nothing left to do.)

14. Printing statistics.

=== wb_bridge ===

        +----------Local Count, excluding submodules.
        |        +-Local Area, excluding submodules.
        |        | 
       58        - wires
      248        - wire bits
       21        - public wires
      211        - public wire bits
       19        - ports
      208        - port bits
       75  1.3E+03 cells
        1    8.758   sky130_fd_sc_hd__and3b_1
       35   875.84   sky130_fd_sc_hd__dfrtp_1
        1    6.256   sky130_fd_sc_hd__lpflow_isobufsrc_1
       32  360.346   sky130_fd_sc_hd__mux2_1
        1    3.754   sky130_fd_sc_hd__nand2_1
        1    8.758   sky130_fd_sc_hd__nand4b_1
        1    7.507   sky130_fd_sc_hd__o21bai_1
        1    8.758   sky130_fd_sc_hd__o2bb2ai_1
        2   17.517   sky130_fd_sc_hd__xor2_1

   Chip area for module '\wb_bridge': 1297.494400
     of which used for sequential elements: 875.840000 (67.50%)

15. Executing Verilog backend.

15.1. Executing BMUXMAP pass.

15.2. Executing DEMUXMAP pass.
Dumping module `\wb_bridge'.

End of script. Logfile hash: 8d2d993f2c, time: 0.30s, user: 0.18s, system: 0.02s, MEM: 43.59 MB peak
Yosys 0.65+71 (git sha1 e56c6a954, clang++ 18.1.8 -fPIC -O3)
Time spent: 39% 1x abc (0 sec), 28% 1x stat (0 sec), ...
EXIT:0
