
 /----------------------------------------------------------------------------\
 |  yosys -- Yosys Open SYnthesis Suite                                       |
 |  Copyright (C) 2012 - 2026  Claire Xenia Wolf <claire@yosyshq.com>         |
 |  Distributed under an ISC-like license, type "license" to see terms        |
 \----------------------------------------------------------------------------/
 Yosys 0.65+71 (git sha1 e56c6a954, clang++ 18.1.8 -fPIC -O3)

-- Executing script file `design_smt2.ys' --

1. Executing RTLIL frontend.
Input filename: design_prep.il

2. Executing HIERARCHY pass (managing design hierarchy).
Attribute `top' found on module `apb_interconnect'. Setting top module to apb_interconnect.

2.1. Analyzing design hierarchy..
Top module:  \apb_interconnect

2.2. Analyzing design hierarchy..
Top module:  \apb_interconnect
Removed 0 unused modules.

3. Executing FORMALFF pass.

4. Executing DFFUNMAP pass (unmap clock enable and synchronous reset from FFs).

5. Printing statistics.

=== apb_interconnect ===

        +----------Local Count, excluding submodules.
        | 
      201 wires
     1510 wire bits
      114 public wires
     1144 public wire bits
       80 ports
     1103 port bits
      143 cells
       20   $anyinit
        1   $assume
        8   $eq
       40   $logic_and
        3   $logic_not
        9   $logic_or
       52   $mux
        1   $not
        9   $or

6. Executing SMT2 backend.

6.1. Executing BMUXMAP pass.

6.2. Executing DEMUXMAP pass.
Creating SMT-LIBv2 representation of module apb_interconnect.

End of script. Logfile hash: 2be557fbd7, time: 0.00s, user: 0.01s, system: 0.00s, MEM: 15.18 MB peak
Yosys 0.65+71 (git sha1 e56c6a954, clang++ 18.1.8 -fPIC -O3)
Time spent: 67% 2x write_smt2 (0 sec), 20% 2x read_rtlil (0 sec), ...
