GENERATED-FROM: sby SBY v0.64-2-gf57802a spi_master.sby depth=20 2026-07-20T06:47:59+00:00
SBY  6:47:59 [spi_master] Removing directory '/home/smdadmin/hermes_workspace/projects/PRJ-001/v0/04_frontend_stage/rtl-spi_master/formal/spi_master'.
SBY  6:47:59 [spi_master] Copy '/home/smdadmin/hermes_workspace/projects/PRJ-001/v0/04_frontend_stage/rtl-spi_master/rtl/EF_SPI_APB.v' to '/home/smdadmin/hermes_workspace/projects/PRJ-001/v0/04_frontend_stage/rtl-spi_master/formal/spi_master/src/EF_SPI_APB.v'.
SBY  6:47:59 [spi_master] Copy '/home/smdadmin/hermes_workspace/projects/PRJ-001/v0/04_frontend_stage/rtl-spi_master/rtl/spi_master.v' to '/home/smdadmin/hermes_workspace/projects/PRJ-001/v0/04_frontend_stage/rtl-spi_master/formal/spi_master/src/spi_master.v'.
SBY  6:47:59 [spi_master] Copy '/home/smdadmin/hermes_workspace/projects/PRJ-001/v0/04_frontend_stage/rtl-spi_master/rtl/EF_SPI.v' to '/home/smdadmin/hermes_workspace/projects/PRJ-001/v0/04_frontend_stage/rtl-spi_master/formal/spi_master/src/EF_SPI.v'.
SBY  6:47:59 [spi_master] Copy '/home/smdadmin/hermes_workspace/projects/PRJ-001/v0/04_frontend_stage/common/ef_util_lib.v' to '/home/smdadmin/hermes_workspace/projects/PRJ-001/v0/04_frontend_stage/rtl-spi_master/formal/spi_master/src/ef_util_lib.v'.
SBY  6:47:59 [spi_master] engine_0: smtbmc z3
SBY  6:47:59 [spi_master] base: starting process "cd spi_master/src; yosys -ql ../model/design.log ../model/design.ys"
SBY  6:47:59 [spi_master] base: finished (returncode=0)
SBY  6:47:59 [spi_master] prep: starting process "cd spi_master/model; yosys -ql design_prep.log design_prep.ys"
SBY  6:47:59 [spi_master] prep: finished (returncode=0)
SBY  6:47:59 [spi_master] smt2: starting process "cd spi_master/model; yosys -ql design_smt2.log design_smt2.ys"
SBY  6:47:59 [spi_master] smt2: finished (returncode=0)
SBY  6:47:59 [spi_master] engine_0: starting process "cd spi_master; /home/smdadmin/oss-cad-suite/bin/yosys-smtbmc -s z3 --presat --noprogress -t 20  --append 0 --dump-vcd engine_0/trace.vcd --dump-yw engine_0/trace.yw --dump-vlogtb engine_0/trace_tb.v --dump-smtc engine_0/trace.smtc model/design_smt2.smt2"
SBY  6:47:59 [spi_master] engine_0: ##   0:00:00  Solver: z3
SBY  6:47:59 [spi_master] engine_0: ##   0:00:00  Checking assumptions in step 0..
SBY  6:47:59 [spi_master] engine_0: ##   0:00:00  Checking assertions in step 0..
SBY  6:47:59 [spi_master] engine_0: ##   0:00:00  Checking assumptions in step 1..
SBY  6:47:59 [spi_master] engine_0: ##   0:00:00  Checking assertions in step 1..
SBY  6:47:59 [spi_master] engine_0: ##   0:00:00  Checking assumptions in step 2..
SBY  6:48:00 [spi_master] engine_0: ##   0:00:00  Checking assertions in step 2..
SBY  6:48:00 [spi_master] engine_0: ##   0:00:00  Checking assumptions in step 3..
SBY  6:48:00 [spi_master] engine_0: ##   0:00:00  Checking assertions in step 3..
SBY  6:48:00 [spi_master] engine_0: ##   0:00:00  Checking assumptions in step 4..
SBY  6:48:00 [spi_master] engine_0: ##   0:00:00  Checking assertions in step 4..
SBY  6:48:00 [spi_master] engine_0: ##   0:00:00  Checking assumptions in step 5..
SBY  6:48:00 [spi_master] engine_0: ##   0:00:00  Checking assertions in step 5..
SBY  6:48:00 [spi_master] engine_0: ##   0:00:00  Checking assumptions in step 6..
SBY  6:48:00 [spi_master] engine_0: ##   0:00:00  Checking assertions in step 6..
SBY  6:48:00 [spi_master] engine_0: ##   0:00:00  Checking assumptions in step 7..
SBY  6:48:00 [spi_master] engine_0: ##   0:00:00  Checking assertions in step 7..
SBY  6:48:00 [spi_master] engine_0: ##   0:00:00  Checking assumptions in step 8..
SBY  6:48:00 [spi_master] engine_0: ##   0:00:00  Checking assertions in step 8..
SBY  6:48:00 [spi_master] engine_0: ##   0:00:00  Checking assumptions in step 9..
SBY  6:48:00 [spi_master] engine_0: ##   0:00:00  Checking assertions in step 9..
SBY  6:48:00 [spi_master] engine_0: ##   0:00:00  Checking assumptions in step 10..
SBY  6:48:00 [spi_master] engine_0: ##   0:00:00  Checking assertions in step 10..
SBY  6:48:00 [spi_master] engine_0: ##   0:00:00  Checking assumptions in step 11..
SBY  6:48:00 [spi_master] engine_0: ##   0:00:00  Checking assertions in step 11..
SBY  6:48:00 [spi_master] engine_0: ##   0:00:00  Checking assumptions in step 12..
SBY  6:48:00 [spi_master] engine_0: ##   0:00:00  Checking assertions in step 12..
SBY  6:48:00 [spi_master] engine_0: ##   0:00:00  Checking assumptions in step 13..
SBY  6:48:00 [spi_master] engine_0: ##   0:00:00  Checking assertions in step 13..
SBY  6:48:00 [spi_master] engine_0: ##   0:00:00  Checking assumptions in step 14..
SBY  6:48:00 [spi_master] engine_0: ##   0:00:00  Checking assertions in step 14..
SBY  6:48:00 [spi_master] engine_0: ##   0:00:00  Checking assumptions in step 15..
SBY  6:48:00 [spi_master] engine_0: ##   0:00:01  Checking assertions in step 15..
SBY  6:48:00 [spi_master] engine_0: ##   0:00:01  Checking assumptions in step 16..
SBY  6:48:01 [spi_master] engine_0: ##   0:00:01  Checking assertions in step 16..
SBY  6:48:01 [spi_master] engine_0: ##   0:00:01  Checking assumptions in step 17..
SBY  6:48:03 [spi_master] engine_0: ##   0:00:03  Checking assertions in step 17..
SBY  6:48:03 [spi_master] engine_0: ##   0:00:03  Checking assumptions in step 18..
SBY  6:48:03 [spi_master] engine_0: ##   0:00:03  Checking assertions in step 18..
SBY  6:48:03 [spi_master] engine_0: ##   0:00:03  Checking assumptions in step 19..
SBY  6:48:04 [spi_master] engine_0: ##   0:00:04  Checking assertions in step 19..
SBY  6:48:04 [spi_master] engine_0: ##   0:00:04  Status: passed
SBY  6:48:04 [spi_master] engine_0: finished (returncode=0)
SBY  6:48:04 [spi_master] engine_0: Status returned by engine: pass
SBY  6:48:04 [spi_master] summary: Elapsed clock time [H:MM:SS (secs)]: 0:00:04 (4)
SBY  6:48:04 [spi_master] summary: Elapsed process time [H:MM:SS (secs)]: 0:00:04 (4)
SBY  6:48:04 [spi_master] summary: engine_0 (smtbmc z3) returned pass
SBY  6:48:04 [spi_master] summary: engine_0 did not produce any traces
SBY  6:48:04 [spi_master] DONE (PASS, rc=0)
EXIT:0
