
 /----------------------------------------------------------------------------\
 |  yosys -- Yosys Open SYnthesis Suite                                       |
 |  Copyright (C) 2012 - 2026  Claire Xenia Wolf <claire@yosyshq.com>         |
 |  Distributed under an ISC-like license, type "license" to see terms        |
 \----------------------------------------------------------------------------/
 Yosys 0.65+71 (git sha1 e56c6a954, clang++ 18.1.8 -fPIC -O3)

-- Executing script file `design_prep.ys' --

1. Executing RTLIL frontend.
Input filename: design.il

2. Executing SCC pass (detecting logic loops).
Found 0 SCCs in module EF_GPIO8.
Found 0 SCCs in module EF_GPIO8_APB.
Found 0 SCCs in module ef_util_gating_cell.
Found 0 SCCs in module ef_util_ned.
Found 0 SCCs in module ef_util_ped.
Found 0 SCCs in module ef_util_sync.
Found 0 SCCs.

3. Executing SIMPLEMAP pass (map simple cells to gate primitives).

4. Executing MEMORY_NORDFF pass (extracting $dff cells from memories).

5. Executing ASYNC2SYNC pass.
Replacing EF_GPIO8_APB.$procdff$365 ($adff): ARST=\PRESETn, D=$0\RIS_REG[31:0], Q=\RIS_REG
Replacing EF_GPIO8_APB.$procdff$377 ($adff): ARST=\PRESETn, D=$0\IC_REG[31:0], Q=\IC_REG
Replacing EF_GPIO8_APB.$procdff$382 ($adff): ARST=\PRESETn, D=$0\IM_REG[31:0], Q=\IM_REG
Replacing EF_GPIO8_APB.$procdff$387 ($adff): ARST=\PRESETn, D=$0\GCLK_REG[0:0], Q=\GCLK_REG
Replacing EF_GPIO8_APB.$procdff$392 ($adff): ARST=\PRESETn, D=$0\DIR_REG[7:0], Q=\DIR_REG
Replacing EF_GPIO8_APB.$procdff$397 ($adff): ARST=\PRESETn, D=$0\DATAO_REG[7:0], Q=\DATAO_REG

6. Executing OPT_CLEAN pass (remove unused cells and wires).
Finding unused cells or wires in module \EF_GPIO8..
Finding unused cells or wires in module \EF_GPIO8_APB..
Finding unused cells or wires in module \ef_util_gating_cell..
Finding unused cells or wires in module \ef_util_ned..
Finding unused cells or wires in module \ef_util_ped..
Finding unused cells or wires in module \ef_util_sync..

7. Executing FORMALFF pass.

8. Executing OPT_CLEAN pass (remove unused cells and wires).
Finding unused cells or wires in module \EF_GPIO8..
Finding unused cells or wires in module \EF_GPIO8_APB..
Finding unused cells or wires in module \ef_util_gating_cell..
Finding unused cells or wires in module \ef_util_ned..
Finding unused cells or wires in module \ef_util_ped..
Finding unused cells or wires in module \ef_util_sync..
Removed 4 unused cells and 4 unused wires.
<suppressed ~8 debug messages>

9. Executing CHECK pass (checking for obvious problems).
Checking module EF_GPIO8...
Checking module EF_GPIO8_APB...
Checking module ef_util_gating_cell...
Checking module ef_util_ned...
Checking module ef_util_ped...
Checking module ef_util_sync...
Found and reported 0 problems.

10. Executing SETUNDEF pass (replace undef values with defined constants).

11. Executing OPT pass (performing simple optimizations).

11.1. Executing OPT_EXPR pass (perform const folding).
Optimizing module EF_GPIO8.
Optimizing module EF_GPIO8_APB.
Optimizing module ef_util_gating_cell.
Optimizing module ef_util_ned.
Optimizing module ef_util_ped.
Optimizing module ef_util_sync.

11.2. Executing OPT_MERGE pass (detect identical cells).
Finding identical cells in module `\EF_GPIO8'.
Computing hashes of 32 cells of `\EF_GPIO8'.
Finding duplicate cells in `\EF_GPIO8'.
Finding identical cells in module `\EF_GPIO8_APB'.
Computing hashes of 113 cells of `\EF_GPIO8_APB'.
Finding duplicate cells in `\EF_GPIO8_APB'.
Finding identical cells in module `\ef_util_gating_cell'.
Computing hashes of 0 cells of `\ef_util_gating_cell'.
Finding duplicate cells in `\ef_util_gating_cell'.
Finding identical cells in module `\ef_util_ned'.
Computing hashes of 3 cells of `\ef_util_ned'.
Finding duplicate cells in `\ef_util_ned'.
Finding identical cells in module `\ef_util_ped'.
Computing hashes of 3 cells of `\ef_util_ped'.
Finding duplicate cells in `\ef_util_ped'.
Finding identical cells in module `\ef_util_sync'.
Computing hashes of 1 cells of `\ef_util_sync'.
Finding duplicate cells in `\ef_util_sync'.
Removed a total of 0 cells.

11.3. Executing OPT_DFF pass (perform DFF optimizations).

11.4. Executing OPT_CLEAN pass (remove unused cells and wires).
Finding unused cells or wires in module \EF_GPIO8..
Finding unused cells or wires in module \EF_GPIO8_APB..
Finding unused cells or wires in module \ef_util_gating_cell..
Finding unused cells or wires in module \ef_util_ned..
Finding unused cells or wires in module \ef_util_ped..
Finding unused cells or wires in module \ef_util_sync..

11.5. Finished fast OPT passes.

12. Executing OPT_CLEAN pass (remove unused cells and wires).
Finding unused cells or wires in module \EF_GPIO8..
Finding unused cells or wires in module \EF_GPIO8_APB..
Finding unused cells or wires in module \ef_util_gating_cell..
Finding unused cells or wires in module \ef_util_ned..
Finding unused cells or wires in module \ef_util_ped..
Finding unused cells or wires in module \ef_util_sync..
Removed 0 unused cells and 6 unused wires.
<suppressed ~1 debug messages>

13. Executing RTLIL backend.
Output filename: ../model/design_prep.il

End of script. Logfile hash: 306627c52b, time: 0.02s, user: 0.02s, system: 0.01s, MEM: 15.09 MB peak
Yosys 0.65+71 (git sha1 e56c6a954, clang++ 18.1.8 -fPIC -O3)
Time spent: 37% 4x opt_clean (0 sec), 11% 1x setundef (0 sec), ...
