
 /----------------------------------------------------------------------------\
 |  yosys -- Yosys Open SYnthesis Suite                                       |
 |  Copyright (C) 2012 - 2026  Claire Xenia Wolf <claire@yosyshq.com>         |
 |  Distributed under an ISC-like license, type "license" to see terms        |
 \----------------------------------------------------------------------------/
 Yosys 0.65+71 (git sha1 e56c6a954, clang++ 18.1.8 -fPIC -O3)

-- Executing script file `design_smt2.ys' --

1. Executing RTLIL frontend.
Input filename: design_prep.il

2. Executing HIERARCHY pass (managing design hierarchy).
Attribute `top' found on module `sram_formal_bmc'. Setting top module to sram_formal_bmc.

2.1. Analyzing design hierarchy..
Top module:  \sram_formal_bmc

2.2. Analyzing design hierarchy..
Top module:  \sram_formal_bmc
Removed 0 unused modules.

3. Executing FORMALFF pass.

4. Executing DFFUNMAP pass (unmap clock enable and synchronous reset from FFs).

5. Printing statistics.

=== sram_formal_bmc ===

        +----------Local Count, excluding submodules.
        | 
      148 wires
     1647 wire bits
       33 public wires
      631 public wire bits
       14 ports
      268 port bits
      147 cells
        4   $anyinit
        3   $anyseq
        1   $assume
       10   $eq
        9   $logic_and
        8   $logic_not
        1   $logic_or
      107   $mux
        1   $not
        3   $pmux

6. Executing SMT2 backend.

6.1. Executing BMUXMAP pass.

6.2. Executing DEMUXMAP pass.
Creating SMT-LIBv2 representation of module sram_formal_bmc.

End of script. Logfile hash: 3e549bb073, time: 0.01s, user: 0.01s, system: 0.00s, MEM: 14.73 MB peak
Yosys 0.65+71 (git sha1 e56c6a954, clang++ 18.1.8 -fPIC -O3)
Time spent: 78% 2x write_smt2 (0 sec), 13% 2x read_rtlil (0 sec), ...
