
 /----------------------------------------------------------------------------\
 |  yosys -- Yosys Open SYnthesis Suite                                       |
 |  Copyright (C) 2012 - 2026  Claire Xenia Wolf <claire@yosyshq.com>         |
 |  Distributed under an ISC-like license, type "license" to see terms        |
 \----------------------------------------------------------------------------/
 Yosys 0.65+71 (git sha1 e56c6a954, clang++ 18.1.8 -fPIC -O3)

-- Executing script file `design_prep.ys' --

1. Executing RTLIL frontend.
Input filename: design.il

2. Executing SCC pass (detecting logic loops).
Found 0 SCCs in module sram_formal_bmc.
Found 0 SCCs.

3. Executing SIMPLEMAP pass (map simple cells to gate primitives).

4. Executing MEMORY_NORDFF pass (extracting $dff cells from memories).

5. Executing ASYNC2SYNC pass.
Replacing sram_formal_bmc.$procdff$573 ($adff): ARST=\rst_ni, D=$0\mem[0][31:0], Q=\mem[0]
Replacing sram_formal_bmc.$procdff$578 ($adff): ARST=\rst_ni, D=$0\mem[1][31:0], Q=\mem[1]
Replacing sram_formal_bmc.$procdff$583 ($adff): ARST=\rst_ni, D=$0\mem[2][31:0], Q=\mem[2]
Replacing sram_formal_bmc.$procdff$588 ($adff): ARST=\rst_ni, D=$0\mem[3][31:0], Q=\mem[3]

6. Executing OPT_CLEAN pass (remove unused cells and wires).
Finding unused cells or wires in module \sram_formal_bmc..

7. Executing FORMALFF pass.

8. Executing OPT_CLEAN pass (remove unused cells and wires).
Finding unused cells or wires in module \sram_formal_bmc..
Removed 1 unused cells and 1 unused wires.
<suppressed ~2 debug messages>

9. Executing CHECK pass (checking for obvious problems).
Checking module sram_formal_bmc...
Found and reported 0 problems.

10. Executing SETUNDEF pass (replace undef values with defined constants).

11. Executing OPT pass (performing simple optimizations).

11.1. Executing OPT_EXPR pass (perform const folding).
Optimizing module sram_formal_bmc.

11.2. Executing OPT_MERGE pass (detect identical cells).
Finding identical cells in module `\sram_formal_bmc'.
Computing hashes of 145 cells of `\sram_formal_bmc'.
Finding duplicate cells in `\sram_formal_bmc'.
Removed a total of 0 cells.

11.3. Executing OPT_DFF pass (perform DFF optimizations).

11.4. Executing OPT_CLEAN pass (remove unused cells and wires).
Finding unused cells or wires in module \sram_formal_bmc..

11.5. Finished fast OPT passes.

12. Executing OPT_CLEAN pass (remove unused cells and wires).
Finding unused cells or wires in module \sram_formal_bmc..
Removed 0 unused cells and 7 unused wires.
<suppressed ~1 debug messages>

13. Executing RTLIL backend.
Output filename: ../model/design_prep.il

End of script. Logfile hash: ffe5ba44dd, time: 0.02s, user: 0.03s, system: 0.00s, MEM: 15.47 MB peak
Yosys 0.65+71 (git sha1 e56c6a954, clang++ 18.1.8 -fPIC -O3)
Time spent: 38% 4x opt_clean (0 sec), 15% 1x check (0 sec), ...
