
 /----------------------------------------------------------------------------\
 |  yosys -- Yosys Open SYnthesis Suite                                       |
 |  Copyright (C) 2012 - 2026  Claire Xenia Wolf <claire@yosyshq.com>         |
 |  Distributed under an ISC-like license, type "license" to see terms        |
 \----------------------------------------------------------------------------/
 Yosys 0.65+71 (git sha1 e56c6a954, clang++ 18.1.8 -fPIC -O3)

-- Executing script file `design_smt2.ys' --

1. Executing RTLIL frontend.
Input filename: design_prep.il

2. Executing HIERARCHY pass (managing design hierarchy).
Attribute `top' found on module `EF_I2C_APB'. Setting top module to EF_I2C_APB.

2.1. Analyzing design hierarchy..
Top module:  \EF_I2C_APB
Used module:     \ef_util_gating_cell
Used module:     $paramod$323a030b9649baabb32f22ea6226179e8ede1b3d\i2c_master_wbs_16
Used module:         $paramod$f1bd7922988db237f4ba194aac1401b4ee047c5d\axis_fifo
Used module:         $paramod$fc82893ce2d814ed806bd1b817fb79d7575b3df7\axis_fifo
Used module:         \i2c_master

2.2. Analyzing design hierarchy..
Top module:  \EF_I2C_APB
Used module:     \ef_util_gating_cell
Used module:     $paramod$323a030b9649baabb32f22ea6226179e8ede1b3d\i2c_master_wbs_16
Used module:         $paramod$f1bd7922988db237f4ba194aac1401b4ee047c5d\axis_fifo
Used module:         $paramod$fc82893ce2d814ed806bd1b817fb79d7575b3df7\axis_fifo
Used module:         \i2c_master
Removed 0 unused modules.

3. Executing FORMALFF pass.

4. Executing DFFUNMAP pass (unmap clock enable and synchronous reset from FFs).

5. Printing statistics.

=== $paramod$323a030b9649baabb32f22ea6226179e8ede1b3d\i2c_master_wbs_16 ===

        +----------Local Count, excluding submodules.
        | 
      190 wires
      558 wire bits
       97 public wires
      301 public wire bits
       17 ports
       65 port bits
      164 cells
        5   $and
       15   $anyinit
        1   $assume
        3   $eq
        2   $ff
        1   $logic_and
        2   $logic_not
      102   $mux
        8   $not
        7   $or
       18   $pmux
        4 submodules
        1   $paramod$f1bd7922988db237f4ba194aac1401b4ee047c5d\axis_fifo
        2   $paramod$fc82893ce2d814ed806bd1b817fb79d7575b3df7\axis_fifo
        1   i2c_master

=== $paramod$f1bd7922988db237f4ba194aac1401b4ee047c5d\axis_fifo ===

        +----------Local Count, excluding submodules.
        | 
      165 wires
     1078 wire bits
       53 public wires
      343 public wire bits
       23 ports
       73 port bits
      143 cells
        2   $add
       18   $anyinit
        1   $anyseq
        1   $assume
       32   $eq
        6   $ff
        1   $logic_and
        3   $logic_not
        2   $logic_or
       73   $mux
        3   $not
        1   $pmux

=== $paramod$fc82893ce2d814ed806bd1b817fb79d7575b3df7\axis_fifo ===

        +----------Local Count, excluding submodules.
        | 
      165 wires
      848 wire bits
       53 public wires
      272 public wire bits
       23 ports
       65 port bits
      143 cells
        2   $add
       18   $anyinit
        1   $anyseq
        1   $assume
       32   $eq
        6   $ff
        1   $logic_and
        3   $logic_not
        2   $logic_or
       73   $mux
        3   $not
        1   $pmux

=== EF_I2C_APB ===

        +----------Local Count, excluding submodules.
        | 
       70 wires
      383 wire bits
       42 public wires
      215 public wire bits
       16 ports
      109 port bits
       46 cells
        8   $and
        5   $anyinit
        1   $assume
        5   $eq
       19   $mux
        1   $ne
        3   $not
        3   $or
        1   $reduce_or
        2 submodules
        1   $paramod$323a030b9649baabb32f22ea6226179e8ede1b3d\i2c_master_wbs_16
        1   ef_util_gating_cell

=== ef_util_gating_cell ===

        +----------Local Count, excluding submodules.
        | 
        4 wires
        4 wire bits
        4 public wires
        4 public wire bits
        4 ports
        4 port bits

=== i2c_master ===

        +----------Local Count, excluding submodules.
        | 
      364 wires
      988 wire bits
      114 public wires
      282 public wire bits
       30 ports
       65 port bits
      334 cells
       11   $and
       25   $anyinit
        1   $assume
       26   $eq
        2   $ff
        3   $gt
        3   $logic_and
        6   $logic_not
        9   $logic_or
      207   $mux
        2   $ne
        7   $not
        1   $or
       15   $pmux
        1   $reduce_bool
        9   $reduce_or
        2   $shiftx
        3   $sub
        1   $xor

=== design hierarchy ===

        +----------Count including submodules.
        | 
      973 EF_I2C_APB
      164 $paramod$323a030b9649baabb32f22ea6226179e8ede1b3d\i2c_master_wbs_16
      143   $paramod$f1bd7922988db237f4ba194aac1401b4ee047c5d\axis_fifo
      143   $paramod$fc82893ce2d814ed806bd1b817fb79d7575b3df7\axis_fifo
      334   i2c_master

        +----------Count including submodules.
        | 
     1123 wires
     4707 wire bits
      416 public wires
     1689 public wire bits
      136 ports
      446 port bits
        - memories
        - memory bits
        - processes
      973 cells
        6   $add
       24   $and
       99   $anyinit
        3   $anyseq
        6   $assume
      130   $eq
       22   $ff
        3   $gt
        7   $logic_and
       17   $logic_not
       15   $logic_or
      547   $mux
        3   $ne
       27   $not
       11   $or
       36   $pmux
        1   $reduce_bool
       10   $reduce_or
        2   $shiftx
        3   $sub
        1   $xor
        2 submodules
        1   $paramod$323a030b9649baabb32f22ea6226179e8ede1b3d\i2c_master_wbs_16
        1   ef_util_gating_cell

6. Executing SMT2 backend.

6.1. Executing BMUXMAP pass.

6.2. Executing DEMUXMAP pass.
Creating SMT-LIBv2 representation of module i2c_master.
Creating SMT-LIBv2 representation of module ef_util_gating_cell.
Creating SMT-LIBv2 representation of module $paramod$fc82893ce2d814ed806bd1b817fb79d7575b3df7\axis_fifo.
Creating SMT-LIBv2 representation of module $paramod$f1bd7922988db237f4ba194aac1401b4ee047c5d\axis_fifo.
Creating SMT-LIBv2 representation of module $paramod$323a030b9649baabb32f22ea6226179e8ede1b3d\i2c_master_wbs_16.
Creating SMT-LIBv2 representation of module EF_I2C_APB.

End of script. Logfile hash: 97eb5f9c58, time: 0.02s, user: 0.02s, system: 0.01s, MEM: 15.64 MB peak
Yosys 0.65+71 (git sha1 e56c6a954, clang++ 18.1.8 -fPIC -O3)
Time spent: 69% 2x write_smt2 (0 sec), 16% 2x read_rtlil (0 sec), ...
