
 /----------------------------------------------------------------------------\
 |  yosys -- Yosys Open SYnthesis Suite                                       |
 |  Copyright (C) 2012 - 2026  Claire Xenia Wolf <claire@yosyshq.com>         |
 |  Distributed under an ISC-like license, type "license" to see terms        |
 \----------------------------------------------------------------------------/
 Yosys 0.65+71 (git sha1 e56c6a954, clang++ 18.1.8 -fPIC -O3)

-- Executing script file `design_prep.ys' --

1. Executing RTLIL frontend.
Input filename: design.il

2. Executing SCC pass (detecting logic loops).
Found 0 SCCs in module $paramod$323a030b9649baabb32f22ea6226179e8ede1b3d\i2c_master_wbs_16.
Found 0 SCCs in module $paramod$f1bd7922988db237f4ba194aac1401b4ee047c5d\axis_fifo.
Found 0 SCCs in module $paramod$fc82893ce2d814ed806bd1b817fb79d7575b3df7\axis_fifo.
Found 0 SCCs in module EF_I2C_APB.
Found 0 SCCs in module ef_util_gating_cell.
Found 0 SCCs in module i2c_master.
Found 0 SCCs.

3. Executing SIMPLEMAP pass (map simple cells to gate primitives).

4. Executing MEMORY_NORDFF pass (extracting $dff cells from memories).

5. Executing ASYNC2SYNC pass.
Replacing $paramod$323a030b9649baabb32f22ea6226179e8ede1b3d\i2c_master_wbs_16.$procdff$5595 ($adff): ARST=\rst, D=\wbs_dat_o_next, Q=\wbs_dat_o_reg
Replacing $paramod$323a030b9649baabb32f22ea6226179e8ede1b3d\i2c_master_wbs_16.$procdff$5598 ($adff): ARST=\rst, D=\wbs_ack_o_next, Q=\wbs_ack_o_reg
Replacing $paramod$323a030b9649baabb32f22ea6226179e8ede1b3d\i2c_master_wbs_16.$procdff$5601 ($adff): ARST=\rst, D=\cmd_address_next, Q=\cmd_address_reg
Replacing $paramod$323a030b9649baabb32f22ea6226179e8ede1b3d\i2c_master_wbs_16.$procdff$5604 ($adff): ARST=\rst, D=\cmd_start_next, Q=\cmd_start_reg
Replacing $paramod$323a030b9649baabb32f22ea6226179e8ede1b3d\i2c_master_wbs_16.$procdff$5607 ($adff): ARST=\rst, D=\cmd_read_next, Q=\cmd_read_reg
Replacing $paramod$323a030b9649baabb32f22ea6226179e8ede1b3d\i2c_master_wbs_16.$procdff$5610 ($adff): ARST=\rst, D=\cmd_write_next, Q=\cmd_write_reg
Replacing $paramod$323a030b9649baabb32f22ea6226179e8ede1b3d\i2c_master_wbs_16.$procdff$5613 ($adff): ARST=\rst, D=\cmd_write_multiple_next, Q=\cmd_write_multiple_reg
Replacing $paramod$323a030b9649baabb32f22ea6226179e8ede1b3d\i2c_master_wbs_16.$procdff$5616 ($adff): ARST=\rst, D=\cmd_stop_next, Q=\cmd_stop_reg
Replacing $paramod$323a030b9649baabb32f22ea6226179e8ede1b3d\i2c_master_wbs_16.$procdff$5619 ($adff): ARST=\rst, D=\cmd_valid_next, Q=\cmd_valid_reg
Replacing $paramod$323a030b9649baabb32f22ea6226179e8ede1b3d\i2c_master_wbs_16.$procdff$5622 ($adff): ARST=\rst, D=\data_in_next, Q=\data_in_reg
Replacing $paramod$323a030b9649baabb32f22ea6226179e8ede1b3d\i2c_master_wbs_16.$procdff$5625 ($adff): ARST=\rst, D=\data_in_valid_next, Q=\data_in_valid_reg
Replacing $paramod$323a030b9649baabb32f22ea6226179e8ede1b3d\i2c_master_wbs_16.$procdff$5628 ($adff): ARST=\rst, D=\data_in_last_next, Q=\data_in_last_reg
Replacing $paramod$323a030b9649baabb32f22ea6226179e8ede1b3d\i2c_master_wbs_16.$procdff$5631 ($adff): ARST=\rst, D=\data_out_ready_next, Q=\data_out_ready_reg
Replacing $paramod$323a030b9649baabb32f22ea6226179e8ede1b3d\i2c_master_wbs_16.$procdff$5634 ($adff): ARST=\rst, D=\prescale_next, Q=\prescale_reg
Replacing $paramod$323a030b9649baabb32f22ea6226179e8ede1b3d\i2c_master_wbs_16.$procdff$5637 ($adff): ARST=\rst, D=\missed_ack_next, Q=\missed_ack_reg
Replacing $paramod$323a030b9649baabb32f22ea6226179e8ede1b3d\i2c_master_wbs_16.$procdff$5640 ($adff): ARST=\rst, D=\cmd_fifo_overflow_next, Q=\cmd_fifo_overflow_reg
Replacing $paramod$323a030b9649baabb32f22ea6226179e8ede1b3d\i2c_master_wbs_16.$procdff$5643 ($adff): ARST=\rst, D=\write_fifo_overflow_next, Q=\write_fifo_overflow_reg
Replacing $paramod$f1bd7922988db237f4ba194aac1401b4ee047c5d\axis_fifo.$procdff$5730 ($adff): ARST=\rst, D=$0\rd_ptr_reg[4:0], Q=\rd_ptr_reg
Replacing $paramod$f1bd7922988db237f4ba194aac1401b4ee047c5d\axis_fifo.$procdff$5733 ($adff): ARST=\rst, D=$0\m_axis_tvalid_pipe_reg[1:0], Q=\m_axis_tvalid_pipe_reg
Replacing $paramod$f1bd7922988db237f4ba194aac1401b4ee047c5d\axis_fifo.$procdff$5744 ($adff): ARST=\rst, D=$0\m_axis_pipe_reg[1][11:0], Q=\m_axis_pipe_reg[1]
Replacing $paramod$f1bd7922988db237f4ba194aac1401b4ee047c5d\axis_fifo.$procdff$5753 ($adff): ARST=\rst, D=$0\wr_ptr_reg[4:0], Q=\wr_ptr_reg
Replacing $paramod$f1bd7922988db237f4ba194aac1401b4ee047c5d\axis_fifo.$procdff$5762 ($adff): ARST=\rst, D=\overflow_reg, Q=\overflow_reg
Replacing $paramod$f1bd7922988db237f4ba194aac1401b4ee047c5d\axis_fifo.$procdff$5765 ($adff): ARST=\rst, D=\bad_frame_reg, Q=\bad_frame_reg
Replacing $paramod$f1bd7922988db237f4ba194aac1401b4ee047c5d\axis_fifo.$procdff$5768 ($adff): ARST=\rst, D=\good_frame_reg, Q=\good_frame_reg
Replacing $paramod$fc82893ce2d814ed806bd1b817fb79d7575b3df7\axis_fifo.$procdff$5468 ($adff): ARST=\rst, D=$0\rd_ptr_reg[4:0], Q=\rd_ptr_reg
Replacing $paramod$fc82893ce2d814ed806bd1b817fb79d7575b3df7\axis_fifo.$procdff$5471 ($adff): ARST=\rst, D=$0\m_axis_tvalid_pipe_reg[1:0], Q=\m_axis_tvalid_pipe_reg
Replacing $paramod$fc82893ce2d814ed806bd1b817fb79d7575b3df7\axis_fifo.$procdff$5482 ($adff): ARST=\rst, D=$0\m_axis_pipe_reg[1][8:0], Q=\m_axis_pipe_reg[1]
Replacing $paramod$fc82893ce2d814ed806bd1b817fb79d7575b3df7\axis_fifo.$procdff$5491 ($adff): ARST=\rst, D=$0\wr_ptr_reg[4:0], Q=\wr_ptr_reg
Replacing $paramod$fc82893ce2d814ed806bd1b817fb79d7575b3df7\axis_fifo.$procdff$5500 ($adff): ARST=\rst, D=\overflow_reg, Q=\overflow_reg
Replacing $paramod$fc82893ce2d814ed806bd1b817fb79d7575b3df7\axis_fifo.$procdff$5503 ($adff): ARST=\rst, D=\bad_frame_reg, Q=\bad_frame_reg
Replacing $paramod$fc82893ce2d814ed806bd1b817fb79d7575b3df7\axis_fifo.$procdff$5506 ($adff): ARST=\rst, D=\good_frame_reg, Q=\good_frame_reg
Replacing EF_I2C_APB.$procdff$5859 ($adff): ARST=\PRESETn, D=$0\apb_rd_ack[0:0], Q=\apb_rd_ack
Replacing EF_I2C_APB.$procdff$5864 ($adff): ARST=\PRESETn, D=$0\IM_REG[8:0], Q=\IM_REG
Replacing EF_I2C_APB.$procdff$5876 ($adff): ARST=\PRESETn, D=$0\GCLK_REG[0:0], Q=\GCLK_REG
Replacing i2c_master.$procdff$5646 ($adff): ARST=\rst, D=\missed_ack_next, Q=\missed_ack_reg
Replacing i2c_master.$procdff$5649 ($adff): ARST=\rst, D=\state_next, Q=\state_reg
Replacing i2c_master.$procdff$5652 ($adff): ARST=\rst, D=\phy_state_next, Q=\phy_state_reg
Replacing i2c_master.$procdff$5655 ($adff): ARST=\rst, D=\phy_rx_data_next, Q=\phy_rx_data_reg
Replacing i2c_master.$procdff$5658 ($adff): ARST=\rst, D=\addr_next, Q=\addr_reg
Replacing i2c_master.$procdff$5661 ($adff): ARST=\rst, D=\data_next, Q=\data_reg
Replacing i2c_master.$procdff$5664 ($adff): ARST=\rst, D=\last_next, Q=\last_reg
Replacing i2c_master.$procdff$5667 ($adff): ARST=\rst, D=\mode_read_next, Q=\mode_read_reg
Replacing i2c_master.$procdff$5670 ($adff): ARST=\rst, D=\mode_write_multiple_next, Q=\mode_write_multiple_reg
Replacing i2c_master.$procdff$5673 ($adff): ARST=\rst, D=\mode_stop_next, Q=\mode_stop_reg
Replacing i2c_master.$procdff$5676 ($adff): ARST=\rst, D=\delay_next, Q=\delay_reg
Replacing i2c_master.$procdff$5679 ($adff): ARST=\rst, D=\delay_scl_next, Q=\delay_scl_reg
Replacing i2c_master.$procdff$5682 ($adff): ARST=\rst, D=\delay_sda_next, Q=\delay_sda_reg
Replacing i2c_master.$procdff$5685 ($adff): ARST=\rst, D=\bit_count_next, Q=\bit_count_reg
Replacing i2c_master.$procdff$5688 ($adff): ARST=\rst, D=\s_axis_cmd_ready_next, Q=\s_axis_cmd_ready_reg
Replacing i2c_master.$procdff$5691 ($adff): ARST=\rst, D=\s_axis_data_tready_next, Q=\s_axis_data_tready_reg
Replacing i2c_master.$procdff$5694 ($adff): ARST=\rst, D=\m_axis_data_tdata_next, Q=\m_axis_data_tdata_reg
Replacing i2c_master.$procdff$5697 ($adff): ARST=\rst, D=\m_axis_data_tvalid_next, Q=\m_axis_data_tvalid_reg
Replacing i2c_master.$procdff$5700 ($adff): ARST=\rst, D=\m_axis_data_tlast_next, Q=\m_axis_data_tlast_reg
Replacing i2c_master.$procdff$5703 ($adff): ARST=\rst, D=\scl_i, Q=\scl_i_reg
Replacing i2c_master.$procdff$5706 ($adff): ARST=\rst, D=\sda_i, Q=\sda_i_reg
Replacing i2c_master.$procdff$5709 ($adff): ARST=\rst, D=\scl_o_next, Q=\scl_o_reg
Replacing i2c_master.$procdff$5712 ($adff): ARST=\rst, D=\sda_o_next, Q=\sda_o_reg
Replacing i2c_master.$procdff$5718 ($adff): ARST=\rst, D=\sda_i_reg, Q=\last_sda_i_reg
Replacing i2c_master.$procdff$5721 ($adff): ARST=\rst, D=$0\busy_reg[0:0], Q=\busy_reg
Replacing i2c_master.$procdff$5724 ($adff): ARST=\rst, D=$0\bus_active_reg[0:0], Q=\bus_active_reg
Replacing i2c_master.$procdff$5727 ($adff): ARST=\rst, D=\bus_control_next, Q=\bus_control_reg

6. Executing OPT_CLEAN pass (remove unused cells and wires).
Finding unused cells or wires in module $paramod$323a030b9649baabb32f22ea6226179e8ede1b3d\i2c_master_wbs_16..
Finding unused cells or wires in module $paramod$f1bd7922988db237f4ba194aac1401b4ee047c5d\axis_fifo..
Finding unused cells or wires in module $paramod$fc82893ce2d814ed806bd1b817fb79d7575b3df7\axis_fifo..
Finding unused cells or wires in module \EF_I2C_APB..
Finding unused cells or wires in module \ef_util_gating_cell..
Finding unused cells or wires in module \i2c_master..

7. Executing FORMALFF pass.

8. Executing OPT_CLEAN pass (remove unused cells and wires).
Finding unused cells or wires in module $paramod$323a030b9649baabb32f22ea6226179e8ede1b3d\i2c_master_wbs_16..
Finding unused cells or wires in module $paramod$f1bd7922988db237f4ba194aac1401b4ee047c5d\axis_fifo..
Finding unused cells or wires in module $paramod$fc82893ce2d814ed806bd1b817fb79d7575b3df7\axis_fifo..
Finding unused cells or wires in module \EF_I2C_APB..
Finding unused cells or wires in module \ef_util_gating_cell..
Finding unused cells or wires in module \i2c_master..
Removed 5 unused cells and 5 unused wires.
<suppressed ~10 debug messages>

9. Executing CHECK pass (checking for obvious problems).
Checking module $paramod$323a030b9649baabb32f22ea6226179e8ede1b3d\i2c_master_wbs_16...
Checking module $paramod$f1bd7922988db237f4ba194aac1401b4ee047c5d\axis_fifo...
Checking module $paramod$fc82893ce2d814ed806bd1b817fb79d7575b3df7\axis_fifo...
Checking module EF_I2C_APB...
Checking module ef_util_gating_cell...
Checking module i2c_master...
Found and reported 0 problems.

10. Executing SETUNDEF pass (replace undef values with defined constants).

11. Executing OPT pass (performing simple optimizations).

11.1. Executing OPT_EXPR pass (perform const folding).
Optimizing module $paramod$323a030b9649baabb32f22ea6226179e8ede1b3d\i2c_master_wbs_16.
Optimizing module $paramod$f1bd7922988db237f4ba194aac1401b4ee047c5d\axis_fifo.
Optimizing module $paramod$fc82893ce2d814ed806bd1b817fb79d7575b3df7\axis_fifo.
Optimizing module EF_I2C_APB.
Optimizing module ef_util_gating_cell.
Optimizing module i2c_master.

11.2. Executing OPT_MERGE pass (detect identical cells).
Finding identical cells in module `$paramod$323a030b9649baabb32f22ea6226179e8ede1b3d\i2c_master_wbs_16'.
Computing hashes of 166 cells of `$paramod$323a030b9649baabb32f22ea6226179e8ede1b3d\i2c_master_wbs_16'.
Finding duplicate cells in `$paramod$323a030b9649baabb32f22ea6226179e8ede1b3d\i2c_master_wbs_16'.
Finding identical cells in module `$paramod$f1bd7922988db237f4ba194aac1401b4ee047c5d\axis_fifo'.
Computing hashes of 141 cells of `$paramod$f1bd7922988db237f4ba194aac1401b4ee047c5d\axis_fifo'.
Finding duplicate cells in `$paramod$f1bd7922988db237f4ba194aac1401b4ee047c5d\axis_fifo'.
Finding identical cells in module `$paramod$fc82893ce2d814ed806bd1b817fb79d7575b3df7\axis_fifo'.
Computing hashes of 141 cells of `$paramod$fc82893ce2d814ed806bd1b817fb79d7575b3df7\axis_fifo'.
Finding duplicate cells in `$paramod$fc82893ce2d814ed806bd1b817fb79d7575b3df7\axis_fifo'.
Finding identical cells in module `\EF_I2C_APB'.
Computing hashes of 46 cells of `\EF_I2C_APB'.
Finding duplicate cells in `\EF_I2C_APB'.
Finding identical cells in module `\ef_util_gating_cell'.
Computing hashes of 0 cells of `\ef_util_gating_cell'.
Finding duplicate cells in `\ef_util_gating_cell'.
Finding identical cells in module `\i2c_master'.
Computing hashes of 344 cells of `\i2c_master'.
Finding duplicate cells in `\i2c_master'.
Removed a total of 0 cells.

11.3. Executing OPT_DFF pass (perform DFF optimizations).

11.4. Executing OPT_CLEAN pass (remove unused cells and wires).
Finding unused cells or wires in module $paramod$323a030b9649baabb32f22ea6226179e8ede1b3d\i2c_master_wbs_16..
Finding unused cells or wires in module $paramod$f1bd7922988db237f4ba194aac1401b4ee047c5d\axis_fifo..
Finding unused cells or wires in module $paramod$fc82893ce2d814ed806bd1b817fb79d7575b3df7\axis_fifo..
Finding unused cells or wires in module \EF_I2C_APB..
Finding unused cells or wires in module \ef_util_gating_cell..
Finding unused cells or wires in module \i2c_master..
Removed 12 unused cells and 12 unused wires.
<suppressed ~13 debug messages>

11.5. Finished fast OPT passes.

12. Executing OPT_CLEAN pass (remove unused cells and wires).
Finding unused cells or wires in module $paramod$323a030b9649baabb32f22ea6226179e8ede1b3d\i2c_master_wbs_16..
Finding unused cells or wires in module $paramod$f1bd7922988db237f4ba194aac1401b4ee047c5d\axis_fifo..
Finding unused cells or wires in module $paramod$fc82893ce2d814ed806bd1b817fb79d7575b3df7\axis_fifo..
Finding unused cells or wires in module \EF_I2C_APB..
Finding unused cells or wires in module \ef_util_gating_cell..
Finding unused cells or wires in module \i2c_master..
Removed 0 unused cells and 47 unused wires.
<suppressed ~5 debug messages>

13. Executing RTLIL backend.
Output filename: ../model/design_prep.il

End of script. Logfile hash: 5ce0cfbda2, time: 0.06s, user: 0.05s, system: 0.02s, MEM: 16.34 MB peak
Yosys 0.65+71 (git sha1 e56c6a954, clang++ 18.1.8 -fPIC -O3)
Time spent: 40% 4x opt_clean (0 sec), 11% 1x check (0 sec), ...
