
 /----------------------------------------------------------------------------\
 |  yosys -- Yosys Open SYnthesis Suite                                       |
 |  Copyright (C) 2012 - 2026  Claire Xenia Wolf <claire@yosyshq.com>         |
 |  Distributed under an ISC-like license, type "license" to see terms        |
 \----------------------------------------------------------------------------/
 Yosys 0.65+71 (git sha1 e56c6a954, clang++ 18.1.8 -fPIC -O3)

-- Executing script file `design_smt2.ys' --

1. Executing RTLIL frontend.
Input filename: design_prep.il

2. Executing HIERARCHY pass (managing design hierarchy).
Attribute `top' found on module `wb_bridge'. Setting top module to wb_bridge.

2.1. Analyzing design hierarchy..
Top module:  \wb_bridge

2.2. Analyzing design hierarchy..
Top module:  \wb_bridge
Removed 0 unused modules.

3. Executing FORMALFF pass.

4. Executing DFFUNMAP pass (unmap clock enable and synchronous reset from FFs).

5. Printing statistics.

=== wb_bridge ===

        +----------Local Count, excluding submodules.
        | 
       45 wires
      334 wire bits
       26 public wires
      250 public wire bits
       19 ports
      208 port bits
       31 cells
        3   $anyinit
        1   $anyseq
        1   $assume
        3   $eq
        5   $logic_and
        2   $logic_not
        1   $logic_or
       12   $mux
        1   $not
        1   $pmux
        1   $reduce_or

6. Executing SMT2 backend.

6.1. Executing BMUXMAP pass.

6.2. Executing DEMUXMAP pass.
Creating SMT-LIBv2 representation of module wb_bridge.

End of script. Logfile hash: 627cf391f9, time: 0.00s, user: 0.00s, system: 0.01s, MEM: 14.86 MB peak
Yosys 0.65+71 (git sha1 e56c6a954, clang++ 18.1.8 -fPIC -O3)
Time spent: 58% 2x write_smt2 (0 sec), 19% 2x read_rtlil (0 sec), ...
