
 /----------------------------------------------------------------------------\
 |  yosys -- Yosys Open SYnthesis Suite                                       |
 |  Copyright (C) 2012 - 2026  Claire Xenia Wolf <claire@yosyshq.com>         |
 |  Distributed under an ISC-like license, type "license" to see terms        |
 \----------------------------------------------------------------------------/
 Yosys 0.65+71 (git sha1 e56c6a954, clang++ 18.1.8 -fPIC -O3)

-- Executing script file `../model/design.ys' --

1. Executing Verilog-2005 frontend: wb_bridge.v
Parsing formal SystemVerilog input from `wb_bridge.v' to AST representation.
Generating RTLIL representation for module `\wb_bridge'.
Successfully finished Verilog frontend.

2. Executing Verilog-2005 frontend: ef_util_lib.v
Parsing formal SystemVerilog input from `ef_util_lib.v' to AST representation.
Generating RTLIL representation for module `\ef_util_sync'.
Generating RTLIL representation for module `\ef_util_ped'.
Generating RTLIL representation for module `\ef_util_ned'.
Generating RTLIL representation for module `\ef_util_ticker'.
Generating RTLIL representation for module `\ef_util_glitch_filter'.
Generating RTLIL representation for module `\ef_util_fifo'.
Generating RTLIL representation for module `\ef_util_clkmux_2x1'.
Generating RTLIL representation for module `\ef_util_clkmux_4x1'.
Generating RTLIL representation for module `\ef_util_gating_cell'.
Successfully finished Verilog frontend.

3. Executing PREP pass.

3.1. Executing HIERARCHY pass (managing design hierarchy).

3.1.1. Analyzing design hierarchy..
Top module:  \wb_bridge

3.1.2. Analyzing design hierarchy..
Top module:  \wb_bridge
Removing unused module `\ef_util_gating_cell'.
Removing unused module `\ef_util_clkmux_4x1'.
Removing unused module `\ef_util_clkmux_2x1'.
Removing unused module `\ef_util_fifo'.
Removing unused module `\ef_util_glitch_filter'.
Removing unused module `\ef_util_ticker'.
Removing unused module `\ef_util_ned'.
Removing unused module `\ef_util_ped'.
Removing unused module `\ef_util_sync'.
Removed 9 unused modules.

3.2. Executing PROC pass (convert processes to netlists).

3.2.1. Executing PROC_CLEAN pass (remove empty switches from decision trees).
Cleaned up 0 empty switches.

3.2.2. Executing PROC_RMDEAD pass (remove dead branches from decision trees).
Marked 2 switch rules as full_case in process $proc$wb_bridge.v:103$7 in module wb_bridge.
Marked 1 switch rules as full_case in process $proc$wb_bridge.v:81$6 in module wb_bridge.
Removed 1 dead cases from process $proc$wb_bridge.v:59$3 in module wb_bridge.
Marked 3 switch rules as full_case in process $proc$wb_bridge.v:59$3 in module wb_bridge.
Marked 1 switch rules as full_case in process $proc$wb_bridge.v:51$1 in module wb_bridge.
Removed a total of 1 dead cases.

3.2.3. Executing PROC_PRUNE pass (remove redundant assignments in processes).
Removed 2 redundant assignments.
Promoted 6 assignments to connections.

3.2.4. Executing PROC_INIT pass (extract init attributes).

3.2.5. Executing PROC_ARST pass (detect async resets in processes).
Found async reset \rst_ni in `\wb_bridge.$proc$wb_bridge.v:103$7'.
Found async reset \rst_ni in `\wb_bridge.$proc$wb_bridge.v:51$1'.

3.2.6. Executing PROC_ROM pass (convert switches to ROMs).
Converted 0 switches.
<suppressed ~5 debug messages>

3.2.7. Executing PROC_MUX pass (convert decision trees to multiplexers).
Creating decoders for process `\wb_bridge.$proc$wb_bridge.v:103$7'.
     1/2: $0\wb_ack_o[0:0]
     2/2: $0\wb_dat_o[31:0]
Creating decoders for process `\wb_bridge.$proc$wb_bridge.v:81$6'.
     1/2: $1\apb_penable[0:0]
     2/2: $1\apb_psel[0:0]
Creating decoders for process `\wb_bridge.$proc$wb_bridge.v:59$3'.
     1/3: $3\next_state[1:0]
     2/3: $2\next_state[1:0]
     3/3: $1\next_state[1:0]
Creating decoders for process `\wb_bridge.$proc$wb_bridge.v:51$1'.
     1/1: $0\state[1:0]

3.2.8. Executing PROC_DLATCH pass (convert process syncs to latches).
No latch inferred for signal `\wb_bridge.\apb_paddr' from process `\wb_bridge.$proc$wb_bridge.v:81$6'.
No latch inferred for signal `\wb_bridge.\apb_pwdata' from process `\wb_bridge.$proc$wb_bridge.v:81$6'.
No latch inferred for signal `\wb_bridge.\apb_pwrite' from process `\wb_bridge.$proc$wb_bridge.v:81$6'.
No latch inferred for signal `\wb_bridge.\apb_psel' from process `\wb_bridge.$proc$wb_bridge.v:81$6'.
No latch inferred for signal `\wb_bridge.\apb_penable' from process `\wb_bridge.$proc$wb_bridge.v:81$6'.
No latch inferred for signal `\wb_bridge.\next_state' from process `\wb_bridge.$proc$wb_bridge.v:59$3'.

3.2.9. Executing PROC_DFF pass (convert process syncs to FFs).
Creating register for signal `\wb_bridge.\wb_dat_o' using process `\wb_bridge.$proc$wb_bridge.v:103$7'.
  created $adff cell `$procdff$114' with positive edge clock and positive level reset.
Creating register for signal `\wb_bridge.\wb_ack_o' using process `\wb_bridge.$proc$wb_bridge.v:103$7'.
  created $adff cell `$procdff$119' with positive edge clock and positive level reset.
Creating register for signal `\wb_bridge.\state' using process `\wb_bridge.$proc$wb_bridge.v:51$1'.
  created $adff cell `$procdff$124' with positive edge clock and positive level reset.

3.2.10. Executing PROC_MEMWR pass (convert process memory writes to cells).

3.2.11. Executing PROC_CLEAN pass (remove empty switches from decision trees).
Found and cleaned up 1 empty switch in `\wb_bridge.$proc$wb_bridge.v:103$7'.
Removing empty process `wb_bridge.$proc$wb_bridge.v:103$7'.
Found and cleaned up 1 empty switch in `\wb_bridge.$proc$wb_bridge.v:81$6'.
Removing empty process `wb_bridge.$proc$wb_bridge.v:81$6'.
Found and cleaned up 3 empty switches in `\wb_bridge.$proc$wb_bridge.v:59$3'.
Removing empty process `wb_bridge.$proc$wb_bridge.v:59$3'.
Removing empty process `wb_bridge.$proc$wb_bridge.v:51$1'.
Cleaned up 5 empty switches.

3.2.12. Executing OPT_EXPR pass (perform const folding).
Optimizing module wb_bridge.
<suppressed ~8 debug messages>

3.3. Executing FUTURE pass.

3.4. Executing OPT_EXPR pass (perform const folding).
Optimizing module wb_bridge.

3.5. Executing OPT_CLEAN pass (remove unused cells and wires).
Finding unused cells or wires in module \wb_bridge..
Removed 5 unused cells and 30 unused wires.
<suppressed ~6 debug messages>

3.6. Executing CHECK pass (checking for obvious problems).
Checking module wb_bridge...
Found and reported 0 problems.

3.7. Executing OPT pass (performing simple optimizations).

3.7.1. Executing OPT_EXPR pass (perform const folding).
Optimizing module wb_bridge.

3.7.2. Executing OPT_MERGE pass (detect identical cells).
Finding identical cells in module `\wb_bridge'.
Computing hashes of 32 cells of `\wb_bridge'.
Finding duplicate cells in `\wb_bridge'.
Computing hashes of 24 cells of `\wb_bridge'.
Finding duplicate cells in `\wb_bridge'.
Computing hashes of 23 cells of `\wb_bridge'.
Finding duplicate cells in `\wb_bridge'.
<suppressed ~27 debug messages>
Removed a total of 9 cells.

3.7.3. Executing OPT_MUXTREE pass (detect dead branches in mux trees).
Running muxtree optimizer on module \wb_bridge..
  Creating internal representation of mux trees.
  Evaluating internal representation of mux trees.
  Analyzing evaluation results.
    dead port 2/2 on $mux $procmux$95.
    dead port 2/2 on $mux $procmux$103.
Removed 2 multiplexer ports.
<suppressed ~14 debug messages>

3.7.4. Executing OPT_REDUCE pass (consolidate $*mux and $reduce_* inputs).
  Optimizing cells in module \wb_bridge.
    New ctrl vector for $pmux cell $procmux$88: $auto$opt_reduce.cc:135:opt_pmux$126
  Optimizing cells in module \wb_bridge.
Performed a total of 1 changes.

3.7.5. Executing OPT_MERGE pass (detect identical cells).
Finding identical cells in module `\wb_bridge'.
Computing hashes of 22 cells of `\wb_bridge'.
Finding duplicate cells in `\wb_bridge'.
Removed a total of 0 cells.

3.7.6. Executing OPT_CLEAN pass (remove unused cells and wires).
Finding unused cells or wires in module \wb_bridge..
Removed 0 unused cells and 11 unused wires.
<suppressed ~1 debug messages>

3.7.7. Executing OPT_EXPR pass (perform const folding).
Optimizing module wb_bridge.

3.7.8. Rerunning OPT passes. (Maybe there is more to do..)

3.7.9. Executing OPT_MUXTREE pass (detect dead branches in mux trees).
Running muxtree optimizer on module \wb_bridge..
  Creating internal representation of mux trees.
  Evaluating internal representation of mux trees.
  Analyzing evaluation results.
Removed 0 multiplexer ports.
<suppressed ~12 debug messages>

3.7.10. Executing OPT_REDUCE pass (consolidate $*mux and $reduce_* inputs).
  Optimizing cells in module \wb_bridge.
Performed a total of 0 changes.

3.7.11. Executing OPT_MERGE pass (detect identical cells).
Finding identical cells in module `\wb_bridge'.
Computing hashes of 22 cells of `\wb_bridge'.
Finding duplicate cells in `\wb_bridge'.
Removed a total of 0 cells.

3.7.12. Executing OPT_CLEAN pass (remove unused cells and wires).
Finding unused cells or wires in module \wb_bridge..

3.7.13. Executing OPT_EXPR pass (perform const folding).
Optimizing module wb_bridge.

3.7.14. Finished fast OPT passes. (There is nothing left to do.)

3.8. Executing WREDUCE pass (reducing word size of cells).
Removed top 1 bits (of 2) from port B of cell wb_bridge.$procmux$108_CMP0 ($eq).

3.9. Executing OPT_CLEAN pass (remove unused cells and wires).
Finding unused cells or wires in module \wb_bridge..

3.10. Executing MEMORY_COLLECT pass (generating $mem cells).

3.11. Executing OPT pass (performing simple optimizations).

3.11.1. Executing OPT_EXPR pass (perform const folding).
Optimizing module wb_bridge.

3.11.2. Executing OPT_MERGE pass (detect identical cells).
Finding identical cells in module `\wb_bridge'.
Computing hashes of 22 cells of `\wb_bridge'.
Finding duplicate cells in `\wb_bridge'.
Removed a total of 0 cells.

3.11.3. Executing OPT_CLEAN pass (remove unused cells and wires).
Finding unused cells or wires in module \wb_bridge..

3.11.4. Finished fast OPT passes.

3.12. Executing SORT pass.

3.13. Printing statistics.

=== wb_bridge ===

        +----------Local Count, excluding submodules.
        | 
       37 wires
      261 wire bits
       22 public wires
      213 public wire bits
       19 ports
      208 port bits
       22 cells
        3   $adff
        3   $eq
        5   $logic_and
        2   $logic_not
        1   $logic_or
        6   $mux
        1   $pmux
        1   $reduce_or

3.14. Executing CHECK pass (checking for obvious problems).
Checking module wb_bridge...
Found and reported 0 problems.

4. Executing HIERARCHY pass (managing design hierarchy).
Attribute `top' found on module `wb_bridge'. Setting top module to wb_bridge.

4.1. Analyzing design hierarchy..
Top module:  \wb_bridge

4.2. Analyzing design hierarchy..
Top module:  \wb_bridge
Removed 0 unused modules.

5. Executing jny backend.

6. Executing RTLIL backend.
Output filename: ../model/design.il

End of script. Logfile hash: 19991aee13, time: 0.01s, user: 0.02s, system: 0.00s, MEM: 14.79 MB peak
Yosys 0.65+71 (git sha1 e56c6a954, clang++ 18.1.8 -fPIC -O3)
Time spent: 49% 4x read_verilog (0 sec), 11% 5x opt_clean (0 sec), ...
