
 /----------------------------------------------------------------------------\
 |  yosys -- Yosys Open SYnthesis Suite                                       |
 |  Copyright (C) 2012 - 2026  Claire Xenia Wolf <claire@yosyshq.com>         |
 |  Distributed under an ISC-like license, type "license" to see terms        |
 \----------------------------------------------------------------------------/
 Yosys 0.65+71 (git sha1 e56c6a954, clang++ 18.1.8 -fPIC -O3)

-- Executing script file `design_prep.ys' --

1. Executing RTLIL frontend.
Input filename: design.il

2. Executing SCC pass (detecting logic loops).
Found 0 SCCs in module wb_bridge.
Found 0 SCCs.

3. Executing SIMPLEMAP pass (map simple cells to gate primitives).

4. Executing MEMORY_NORDFF pass (extracting $dff cells from memories).

5. Executing ASYNC2SYNC pass.
Replacing wb_bridge.$procdff$114 ($adff): ARST=\rst_ni, D=$0\wb_dat_o[31:0], Q=\wb_dat_o
Replacing wb_bridge.$procdff$119 ($adff): ARST=\rst_ni, D=$0\wb_ack_o[0:0], Q=\wb_ack_o
Replacing wb_bridge.$procdff$124 ($adff): ARST=\rst_ni, D=\next_state, Q=\state

6. Executing OPT_CLEAN pass (remove unused cells and wires).
Finding unused cells or wires in module \wb_bridge..

7. Executing FORMALFF pass.

8. Executing OPT_CLEAN pass (remove unused cells and wires).
Finding unused cells or wires in module \wb_bridge..
Removed 1 unused cells and 1 unused wires.
<suppressed ~2 debug messages>

9. Executing CHECK pass (checking for obvious problems).
Checking module wb_bridge...
Found and reported 0 problems.

10. Executing SETUNDEF pass (replace undef values with defined constants).

11. Executing OPT pass (performing simple optimizations).

11.1. Executing OPT_EXPR pass (perform const folding).
Optimizing module wb_bridge.

11.2. Executing OPT_MERGE pass (detect identical cells).
Finding identical cells in module `\wb_bridge'.
Computing hashes of 29 cells of `\wb_bridge'.
Finding duplicate cells in `\wb_bridge'.
Removed a total of 0 cells.

11.3. Executing OPT_DFF pass (perform DFF optimizations).

11.4. Executing OPT_CLEAN pass (remove unused cells and wires).
Finding unused cells or wires in module \wb_bridge..

11.5. Finished fast OPT passes.

12. Executing OPT_CLEAN pass (remove unused cells and wires).
Finding unused cells or wires in module \wb_bridge..
Removed 0 unused cells and 4 unused wires.
<suppressed ~1 debug messages>

13. Executing RTLIL backend.
Output filename: ../model/design_prep.il

End of script. Logfile hash: 3a4d69cc74, time: 0.01s, user: 0.01s, system: 0.01s, MEM: 14.86 MB peak
Yosys 0.65+71 (git sha1 e56c6a954, clang++ 18.1.8 -fPIC -O3)
Time spent: 36% 4x opt_clean (0 sec), 7% 1x check (0 sec), ...
