
 /----------------------------------------------------------------------------\
 |  yosys -- Yosys Open SYnthesis Suite                                       |
 |  Copyright (C) 2012 - 2026  Claire Xenia Wolf <claire@yosyshq.com>         |
 |  Distributed under an ISC-like license, type "license" to see terms        |
 \----------------------------------------------------------------------------/
 Yosys 0.65+71 (git sha1 e56c6a954, clang++ 18.1.8 -fPIC -O3)

-- Executing script file `design_smt2.ys' --

1. Executing RTLIL frontend.
Input filename: design_prep.il

2. Executing HIERARCHY pass (managing design hierarchy).
Attribute `top' found on module `interrupt_ctrl'. Setting top module to interrupt_ctrl.

2.1. Analyzing design hierarchy..
Top module:  \interrupt_ctrl

2.2. Analyzing design hierarchy..
Top module:  \interrupt_ctrl
Removed 0 unused modules.

3. Executing FORMALFF pass.

4. Executing DFFUNMAP pass (unmap clock enable and synchronous reset from FFs).

5. Printing statistics.

=== interrupt_ctrl ===

        +----------Local Count, excluding submodules.
        | 
       27 wires
      210 wire bits
       17 public wires
      140 public wire bits
       11 ports
       92 port bits
       18 cells
        1   $and
        1   $anyinit
        1   $assume
        2   $eq
        3   $logic_and
        2   $logic_not
        5   $mux
        1   $not
        1   $pmux
        1   $reduce_or

6. Executing SMT2 backend.

6.1. Executing BMUXMAP pass.

6.2. Executing DEMUXMAP pass.
Creating SMT-LIBv2 representation of module interrupt_ctrl.

End of script. Logfile hash: d322640375, time: 0.00s, user: 0.01s, system: 0.00s, MEM: 14.87 MB peak
Yosys 0.65+71 (git sha1 e56c6a954, clang++ 18.1.8 -fPIC -O3)
Time spent: 59% 2x write_smt2 (0 sec), 19% 2x read_rtlil (0 sec), ...
