
 /----------------------------------------------------------------------------\
 |  yosys -- Yosys Open SYnthesis Suite                                       |
 |  Copyright (C) 2012 - 2026  Claire Xenia Wolf <claire@yosyshq.com>         |
 |  Distributed under an ISC-like license, type "license" to see terms        |
 \----------------------------------------------------------------------------/
 Yosys 0.65+71 (git sha1 e56c6a954, clang++ 18.1.8 -fPIC -O3)

-- Executing script file `../model/design.ys' --

1. Executing Verilog-2005 frontend: interrupt_ctrl.v
Parsing formal SystemVerilog input from `interrupt_ctrl.v' to AST representation.
Generating RTLIL representation for module `\interrupt_ctrl'.
Successfully finished Verilog frontend.

2. Executing Verilog-2005 frontend: ef_util_lib.v
Parsing formal SystemVerilog input from `ef_util_lib.v' to AST representation.
Generating RTLIL representation for module `\ef_util_sync'.
Generating RTLIL representation for module `\ef_util_ped'.
Generating RTLIL representation for module `\ef_util_ned'.
Generating RTLIL representation for module `\ef_util_ticker'.
Generating RTLIL representation for module `\ef_util_glitch_filter'.
Generating RTLIL representation for module `\ef_util_fifo'.
Generating RTLIL representation for module `\ef_util_clkmux_2x1'.
Generating RTLIL representation for module `\ef_util_clkmux_4x1'.
Generating RTLIL representation for module `\ef_util_gating_cell'.
Successfully finished Verilog frontend.

3. Executing PREP pass.

3.1. Executing HIERARCHY pass (managing design hierarchy).

3.1.1. Analyzing design hierarchy..
Top module:  \interrupt_ctrl

3.1.2. Analyzing design hierarchy..
Top module:  \interrupt_ctrl
Removing unused module `\ef_util_gating_cell'.
Removing unused module `\ef_util_clkmux_4x1'.
Removing unused module `\ef_util_clkmux_2x1'.
Removing unused module `\ef_util_fifo'.
Removing unused module `\ef_util_glitch_filter'.
Removing unused module `\ef_util_ticker'.
Removing unused module `\ef_util_ned'.
Removing unused module `\ef_util_ped'.
Removing unused module `\ef_util_sync'.
Removed 9 unused modules.

3.2. Executing PROC pass (convert processes to netlists).

3.2.1. Executing PROC_CLEAN pass (remove empty switches from decision trees).
Cleaned up 0 empty switches.

3.2.2. Executing PROC_RMDEAD pass (remove dead branches from decision trees).
Marked 2 switch rules as full_case in process $proc$interrupt_ctrl.v:63$10 in module interrupt_ctrl.
Marked 1 switch rules as full_case in process $proc$interrupt_ctrl.v:46$6 in module interrupt_ctrl.
Removed a total of 0 dead cases.

3.2.3. Executing PROC_PRUNE pass (remove redundant assignments in processes).
Removed 0 redundant assignments.
Promoted 1 assignment to connection.

3.2.4. Executing PROC_INIT pass (extract init attributes).

3.2.5. Executing PROC_ARST pass (detect async resets in processes).
Found async reset \rst_ni in `\interrupt_ctrl.$proc$interrupt_ctrl.v:46$6'.

3.2.6. Executing PROC_ROM pass (convert switches to ROMs).
Converted 0 switches.
<suppressed ~4 debug messages>

3.2.7. Executing PROC_MUX pass (convert decision trees to multiplexers).
Creating decoders for process `\interrupt_ctrl.$proc$interrupt_ctrl.v:63$10'.
     1/2: $2\prdata[31:0]
     2/2: $1\prdata[31:0]
Creating decoders for process `\interrupt_ctrl.$proc$interrupt_ctrl.v:46$6'.
     1/1: $0\irq_en[15:0]

3.2.8. Executing PROC_DLATCH pass (convert process syncs to latches).
No latch inferred for signal `\interrupt_ctrl.\prdata' from process `\interrupt_ctrl.$proc$interrupt_ctrl.v:63$10'.

3.2.9. Executing PROC_DFF pass (convert process syncs to FFs).
Creating register for signal `\interrupt_ctrl.\irq_en' using process `\interrupt_ctrl.$proc$interrupt_ctrl.v:46$6'.
  created $adff cell `$procdff$90' with positive edge clock and positive level reset.

3.2.10. Executing PROC_MEMWR pass (convert process memory writes to cells).

3.2.11. Executing PROC_CLEAN pass (remove empty switches from decision trees).
Found and cleaned up 2 empty switches in `\interrupt_ctrl.$proc$interrupt_ctrl.v:63$10'.
Removing empty process `interrupt_ctrl.$proc$interrupt_ctrl.v:63$10'.
Found and cleaned up 2 empty switches in `\interrupt_ctrl.$proc$interrupt_ctrl.v:46$6'.
Removing empty process `interrupt_ctrl.$proc$interrupt_ctrl.v:46$6'.
Cleaned up 4 empty switches.

3.2.12. Executing OPT_EXPR pass (perform const folding).
Optimizing module interrupt_ctrl.
<suppressed ~4 debug messages>

3.3. Executing FUTURE pass.

3.4. Executing OPT_EXPR pass (perform const folding).
Optimizing module interrupt_ctrl.

3.5. Executing OPT_CLEAN pass (remove unused cells and wires).
Finding unused cells or wires in module \interrupt_ctrl..
Removed 2 unused cells and 15 unused wires.
<suppressed ~3 debug messages>

3.6. Executing CHECK pass (checking for obvious problems).
Checking module interrupt_ctrl...
Found and reported 0 problems.

3.7. Executing OPT pass (performing simple optimizations).

3.7.1. Executing OPT_EXPR pass (perform const folding).
Optimizing module interrupt_ctrl.

3.7.2. Executing OPT_MERGE pass (detect identical cells).
Finding identical cells in module `\interrupt_ctrl'.
Computing hashes of 17 cells of `\interrupt_ctrl'.
Finding duplicate cells in `\interrupt_ctrl'.
Computing hashes of 15 cells of `\interrupt_ctrl'.
Finding duplicate cells in `\interrupt_ctrl'.
<suppressed ~6 debug messages>
Removed a total of 2 cells.

3.7.3. Executing OPT_MUXTREE pass (detect dead branches in mux trees).
Running muxtree optimizer on module \interrupt_ctrl..
  Creating internal representation of mux trees.
  Evaluating internal representation of mux trees.
  Analyzing evaluation results.
    dead port 2/2 on $mux $procmux$77.
Removed 1 multiplexer ports.
<suppressed ~7 debug messages>

3.7.4. Executing OPT_REDUCE pass (consolidate $*mux and $reduce_* inputs).
  Optimizing cells in module \interrupt_ctrl.
Performed a total of 0 changes.

3.7.5. Executing OPT_MERGE pass (detect identical cells).
Finding identical cells in module `\interrupt_ctrl'.
Computing hashes of 14 cells of `\interrupt_ctrl'.
Finding duplicate cells in `\interrupt_ctrl'.
Removed a total of 0 cells.

3.7.6. Executing OPT_CLEAN pass (remove unused cells and wires).
Finding unused cells or wires in module \interrupt_ctrl..
Removed 0 unused cells and 3 unused wires.
<suppressed ~1 debug messages>

3.7.7. Executing OPT_EXPR pass (perform const folding).
Optimizing module interrupt_ctrl.

3.7.8. Rerunning OPT passes. (Maybe there is more to do..)

3.7.9. Executing OPT_MUXTREE pass (detect dead branches in mux trees).
Running muxtree optimizer on module \interrupt_ctrl..
  Creating internal representation of mux trees.
  Evaluating internal representation of mux trees.
  Analyzing evaluation results.
Removed 0 multiplexer ports.
<suppressed ~6 debug messages>

3.7.10. Executing OPT_REDUCE pass (consolidate $*mux and $reduce_* inputs).
  Optimizing cells in module \interrupt_ctrl.
Performed a total of 0 changes.

3.7.11. Executing OPT_MERGE pass (detect identical cells).
Finding identical cells in module `\interrupt_ctrl'.
Computing hashes of 14 cells of `\interrupt_ctrl'.
Finding duplicate cells in `\interrupt_ctrl'.
Removed a total of 0 cells.

3.7.12. Executing OPT_CLEAN pass (remove unused cells and wires).
Finding unused cells or wires in module \interrupt_ctrl..

3.7.13. Executing OPT_EXPR pass (perform const folding).
Optimizing module interrupt_ctrl.

3.7.14. Finished fast OPT passes. (There is nothing left to do.)

3.8. Executing WREDUCE pass (reducing word size of cells).
Removed top 4 bits (of 8) from port B of cell interrupt_ctrl.$procmux$74_CMP0 ($eq).
Removed top 16 bits (of 32) from mux cell interrupt_ctrl.$procmux$73 ($pmux).
Removed top 5 bits (of 8) from port B of cell interrupt_ctrl.$procmux$75_CMP0 ($eq).
Removed top 16 bits (of 32) from mux cell interrupt_ctrl.$procmux$80 ($mux).
Removed top 16 bits (of 32) from wire interrupt_ctrl.$2\prdata[31:0].

3.9. Executing OPT_CLEAN pass (remove unused cells and wires).
Finding unused cells or wires in module \interrupt_ctrl..
Removed 0 unused cells and 1 unused wires.
<suppressed ~1 debug messages>

3.10. Executing MEMORY_COLLECT pass (generating $mem cells).

3.11. Executing OPT pass (performing simple optimizations).

3.11.1. Executing OPT_EXPR pass (perform const folding).
Optimizing module interrupt_ctrl.

3.11.2. Executing OPT_MERGE pass (detect identical cells).
Finding identical cells in module `\interrupt_ctrl'.
Computing hashes of 14 cells of `\interrupt_ctrl'.
Finding duplicate cells in `\interrupt_ctrl'.
Removed a total of 0 cells.

3.11.3. Executing OPT_CLEAN pass (remove unused cells and wires).
Finding unused cells or wires in module \interrupt_ctrl..

3.11.4. Finished fast OPT passes.

3.12. Executing SORT pass.

3.13. Printing statistics.

=== interrupt_ctrl ===

        +----------Local Count, excluding submodules.
        | 
       24 wires
      177 wire bits
       16 public wires
      124 public wire bits
       11 ports
       92 port bits
       14 cells
        1   $adff
        1   $and
        2   $eq
        3   $logic_and
        2   $logic_not
        3   $mux
        1   $pmux
        1   $reduce_or

3.14. Executing CHECK pass (checking for obvious problems).
Checking module interrupt_ctrl...
Found and reported 0 problems.

4. Executing HIERARCHY pass (managing design hierarchy).
Attribute `top' found on module `interrupt_ctrl'. Setting top module to interrupt_ctrl.

4.1. Analyzing design hierarchy..
Top module:  \interrupt_ctrl

4.2. Analyzing design hierarchy..
Top module:  \interrupt_ctrl
Removed 0 unused modules.

5. Executing jny backend.

6. Executing RTLIL backend.
Output filename: ../model/design.il

End of script. Logfile hash: bf4d4bb65a, time: 0.01s, user: 0.01s, system: 0.01s, MEM: 14.82 MB peak
Yosys 0.65+71 (git sha1 e56c6a954, clang++ 18.1.8 -fPIC -O3)
Time spent: 49% 4x read_verilog (0 sec), 12% 5x opt_clean (0 sec), ...
