
 /----------------------------------------------------------------------------\
 |  yosys -- Yosys Open SYnthesis Suite                                       |
 |  Copyright (C) 2012 - 2026  Claire Xenia Wolf <claire@yosyshq.com>         |
 |  Distributed under an ISC-like license, type "license" to see terms        |
 \----------------------------------------------------------------------------/
 Yosys 0.65+71 (git sha1 e56c6a954, clang++ 18.1.8 -fPIC -O3)

-- Executing script file `design_smt2.ys' --

1. Executing RTLIL frontend.
Input filename: design_prep.il

2. Executing HIERARCHY pass (managing design hierarchy).
Attribute `top' found on module `EF_UART_APB'. Setting top module to EF_UART_APB.

2.1. Analyzing design hierarchy..
Top module:  \EF_UART_APB
Used module:     \ef_util_gating_cell
Used module:     $paramod$e9cdd1478d980710c2839daafb26d490f06a2359\EF_UART
Used module:         \BAUDGEN
Used module:         $paramod$0c8e12aec8bade0d4c7e5b2f6ebf181d63aab499\ef_util_fifo
Used module:         $paramod\ef_util_glitch_filter\N=s32'00000000000000000000000000001000
Used module:             \ef_util_ticker
Used module:         \ef_util_sync
Used module:         $paramod$b4c45ad6b7a50c506f0a9649f786147095b9aae3\UART_RX
Used module:         $paramod$b4c45ad6b7a50c506f0a9649f786147095b9aae3\UART_TX

2.2. Analyzing design hierarchy..
Top module:  \EF_UART_APB
Used module:     \ef_util_gating_cell
Used module:     $paramod$e9cdd1478d980710c2839daafb26d490f06a2359\EF_UART
Used module:         \BAUDGEN
Used module:         $paramod$0c8e12aec8bade0d4c7e5b2f6ebf181d63aab499\ef_util_fifo
Used module:         $paramod\ef_util_glitch_filter\N=s32'00000000000000000000000000001000
Used module:             \ef_util_ticker
Used module:         \ef_util_sync
Used module:         $paramod$b4c45ad6b7a50c506f0a9649f786147095b9aae3\UART_RX
Used module:         $paramod$b4c45ad6b7a50c506f0a9649f786147095b9aae3\UART_TX
Removed 0 unused modules.

3. Executing FORMALFF pass.

4. Executing DFFUNMAP pass (unmap clock enable and synchronous reset from FFs).

5. Printing statistics.

=== $paramod$0c8e12aec8bade0d4c7e5b2f6ebf181d63aab499\ef_util_fifo ===

        +----------Local Count, excluding submodules.
        | 
       62 wires
      208 wire bits
       30 public wires
       93 public wire bits
       10 ports
       29 port bits
       54 cells
        3   $add
        1   $and
        5   $anyinit
        2   $anyseq
        1   $assume
        5   $eq
        1   $mem_v2
       28   $mux
        2   $not
        5   $pmux
        1   $sub

=== $paramod$b4c45ad6b7a50c506f0a9649f786147095b9aae3\UART_RX ===

        +----------Local Count, excluding submodules.
        | 
      115 wires
      408 wire bits
       33 public wires
      124 public wire bits
       14 ports
       35 port bits
      108 cells
        2   $add
        4   $and
        7   $anyinit
        1   $assume
       13   $eq
        3   $logic_not
       62   $mux
        2   $ne
        2   $not
        5   $pmux
        2   $reduce_or
        1   $reduce_xnor
        1   $reduce_xor
        1   $shr
        2   $sub

=== $paramod$b4c45ad6b7a50c506f0a9649f786147095b9aae3\UART_TX ===

        +----------Local Count, excluding submodules.
        | 
       87 wires
      307 wire bits
       26 public wires
       95 public wire bits
       10 ports
       23 port bits
       79 cells
        2   $add
        1   $and
        5   $anyinit
        1   $assume
       11   $eq
        2   $logic_not
       42   $mux
        2   $not
        7   $pmux
        2   $reduce_or
        1   $reduce_xnor
        1   $reduce_xor
        1   $shl
        1   $sub

=== $paramod$e9cdd1478d980710c2839daafb26d490f06a2359\EF_UART ===

        +----------Local Count, excluding submodules.
        | 
       69 wires
      214 wire bits
       49 public wires
      144 public wire bits
       37 ports
       98 port bits
       30 cells
        2   $add
        4   $and
        2   $anyinit
        1   $assume
        2   $eq
        1   $gt
        1   $lt
       13   $mux
        3   $not
        1   $or
        7 submodules
        2   $paramod$0c8e12aec8bade0d4c7e5b2f6ebf181d63aab499\ef_util_fifo
        1   $paramod$b4c45ad6b7a50c506f0a9649f786147095b9aae3\UART_RX
        1   $paramod$b4c45ad6b7a50c506f0a9649f786147095b9aae3\UART_TX
        1   $paramod\ef_util_glitch_filter\N=s32'00000000000000000000000000001000
        1   BAUDGEN
        1   ef_util_sync

=== $paramod\ef_util_glitch_filter\N=s32'00000000000000000000000000001000 ===

        +----------Local Count, excluding submodules.
        | 
       17 wires
       45 wire bits
       10 public wires
       24 public wire bits
        5 ports
        5 port bits
       13 cells
        2   $anyinit
        1   $assume
        7   $mux
        1   $not
        1   $reduce_and
        1   $reduce_or
        1 submodules
        1   ef_util_ticker

=== BAUDGEN ===

        +----------Local Count, excluding submodules.
        | 
       13 wires
      118 wire bits
        8 public wires
       68 public wire bits
        5 ports
       20 port bits
       10 cells
        1   $add
        1   $anyinit
        1   $assume
        1   $eq
        5   $mux
        1   $not

=== EF_UART_APB ===

        +----------Local Count, excluding submodules.
        | 
      168 wires
     1071 wire bits
       90 public wires
      413 public wire bits
       12 ports
      105 port bits
      120 cells
       17   $and
       12   $anyinit
        1   $assume
       16   $eq
        1   $logic_not
       70   $mux
        2   $not
        1   $reduce_or
        2 submodules
        1   $paramod$e9cdd1478d980710c2839daafb26d490f06a2359\EF_UART
        1   ef_util_gating_cell

=== ef_util_gating_cell ===

        +----------Local Count, excluding submodules.
        | 
        4 wires
        4 wire bits
        4 public wires
        4 public wire bits
        4 ports
        4 port bits

=== ef_util_sync ===

        +----------Local Count, excluding submodules.
        | 
        5 wires
        6 wire bits
        4 public wires
        5 public wire bits
        3 ports
        3 port bits
        3 cells
        1   $anyinit
        1   $assume
        1   $not

=== ef_util_ticker ===

        +----------Local Count, excluding submodules.
        | 
       19 wires
       92 wire bits
       11 public wires
       32 public wire bits
        5 ports
       12 port bits
       15 cells
        2   $anyinit
        1   $assume
        2   $logic_not
        8   $mux
        1   $not
        1   $sub

=== design hierarchy ===

        +----------Count including submodules.
        | 
      486 EF_UART_APB
       30 $paramod$e9cdd1478d980710c2839daafb26d490f06a2359\EF_UART
       54   $paramod$0c8e12aec8bade0d4c7e5b2f6ebf181d63aab499\ef_util_fifo
      108   $paramod$b4c45ad6b7a50c506f0a9649f786147095b9aae3\UART_RX
       79   $paramod$b4c45ad6b7a50c506f0a9649f786147095b9aae3\UART_TX
       13   $paramod\ef_util_glitch_filter\N=s32'00000000000000000000000000001000
       15     ef_util_ticker
       10   BAUDGEN
        3   ef_util_sync

        +----------Count including submodules.
        | 
      621 wires
     2681 wire bits
      295 public wires
     1095 public wire bits
      115 ports
      363 port bits
        - memories
        - memory bits
        - processes
      486 cells
       13   $add
       28   $and
       42   $anyinit
        4   $anyseq
       10   $assume
       53   $eq
        1   $gt
        8   $logic_not
        1   $lt
        2   $mem_v2
      263   $mux
        2   $ne
       17   $not
        1   $or
       22   $pmux
        1   $reduce_and
        6   $reduce_or
        2   $reduce_xnor
        2   $reduce_xor
        1   $shl
        1   $shr
        6   $sub
        2 submodules
        1   $paramod$e9cdd1478d980710c2839daafb26d490f06a2359\EF_UART
        1   ef_util_gating_cell

6. Executing SMT2 backend.

6.1. Executing BMUXMAP pass.

6.2. Executing DEMUXMAP pass.
Creating SMT-LIBv2 representation of module ef_util_ticker.
Creating SMT-LIBv2 representation of module ef_util_gating_cell.
Creating SMT-LIBv2 representation of module ef_util_sync.
Creating SMT-LIBv2 representation of module BAUDGEN.
Creating SMT-LIBv2 representation of module $paramod$b4c45ad6b7a50c506f0a9649f786147095b9aae3\UART_TX.
Creating SMT-LIBv2 representation of module $paramod$b4c45ad6b7a50c506f0a9649f786147095b9aae3\UART_RX.
Creating SMT-LIBv2 representation of module $paramod$0c8e12aec8bade0d4c7e5b2f6ebf181d63aab499\ef_util_fifo.
Creating SMT-LIBv2 representation of module $paramod\ef_util_glitch_filter\N=s32'00000000000000000000000000001000.
Creating SMT-LIBv2 representation of module $paramod$e9cdd1478d980710c2839daafb26d490f06a2359\EF_UART.
Creating SMT-LIBv2 representation of module EF_UART_APB.

End of script. Logfile hash: 9e4ced64e0, time: 0.01s, user: 0.01s, system: 0.01s, MEM: 15.39 MB peak
Yosys 0.65+71 (git sha1 e56c6a954, clang++ 18.1.8 -fPIC -O3)
Time spent: 68% 2x write_smt2 (0 sec), 15% 2x read_rtlil (0 sec), ...
