
 /----------------------------------------------------------------------------\
 |  yosys -- Yosys Open SYnthesis Suite                                       |
 |  Copyright (C) 2012 - 2026  Claire Xenia Wolf <claire@yosyshq.com>         |
 |  Distributed under an ISC-like license, type "license" to see terms        |
 \----------------------------------------------------------------------------/
 Yosys 0.65+71 (git sha1 e56c6a954, clang++ 18.1.8 -fPIC -O3)

-- Executing script file `design_smt2.ys' --

1. Executing RTLIL frontend.
Input filename: design_prep.il

2. Executing HIERARCHY pass (managing design hierarchy).
Attribute `top' found on module `sys_ctrl'. Setting top module to sys_ctrl.

2.1. Analyzing design hierarchy..
Top module:  \sys_ctrl

2.2. Analyzing design hierarchy..
Top module:  \sys_ctrl
Removed 0 unused modules.

3. Executing FORMALFF pass.

4. Executing DFFUNMAP pass (unmap clock enable and synchronous reset from FFs).

5. Printing statistics.

=== sys_ctrl ===

        +----------Local Count, excluding submodules.
        | 
       75 wires
      306 wire bits
       32 public wires
      173 public wire bits
       14 ports
       95 port bits
       63 cells
        7   $anyinit
        1   $assume
        3   $eq
        9   $logic_and
        7   $logic_not
       33   $mux
        1   $not
        1   $pmux
        1   $reduce_or

6. Executing SMT2 backend.

6.1. Executing BMUXMAP pass.

6.2. Executing DEMUXMAP pass.
Creating SMT-LIBv2 representation of module sys_ctrl.

End of script. Logfile hash: abdcea990f, time: 0.00s, user: 0.00s, system: 0.01s, MEM: 14.74 MB peak
Yosys 0.65+71 (git sha1 e56c6a954, clang++ 18.1.8 -fPIC -O3)
Time spent: 62% 2x write_smt2 (0 sec), 20% 2x read_rtlil (0 sec), ...
