
 /----------------------------------------------------------------------------\
 |  yosys -- Yosys Open SYnthesis Suite                                       |
 |  Copyright (C) 2012 - 2026  Claire Xenia Wolf <claire@yosyshq.com>         |
 |  Distributed under an ISC-like license, type "license" to see terms        |
 \----------------------------------------------------------------------------/
 Yosys 0.65+71 (git sha1 e56c6a954, clang++ 18.1.8 -fPIC -O3)

-- Executing script file `design_prep.ys' --

1. Executing RTLIL frontend.
Input filename: design.il

2. Executing SCC pass (detecting logic loops).
Found 0 SCCs in module sys_ctrl.
Found 0 SCCs.

3. Executing SIMPLEMAP pass (map simple cells to gate primitives).

4. Executing MEMORY_NORDFF pass (extracting $dff cells from memories).

5. Executing ASYNC2SYNC pass.
Replacing sys_ctrl.$procdff$141 ($adff): ARST=\rst_ni, D=$0\clk_div[7:0], Q=\clk_div
Replacing sys_ctrl.$procdff$146 ($adff): ARST=\rst_ni, D=$0\reset_cause[2:0], Q=\reset_cause
Replacing sys_ctrl.$procdff$151 ($adff): ARST=\rst_ni, D=$0\sleep_ctrl[7:0], Q=\sleep_ctrl
Replacing sys_ctrl.$procdff$156 ($adff): ARST=\rst_ni, D=$0\wake_source[3:0], Q=\wake_source
Replacing sys_ctrl.$procdff$161 ($adff): ARST=\rst_ni, D=$0\in_sleep[0:0], Q=\in_sleep
Replacing sys_ctrl.$procdff$166 ($adff): ARST=\rst_ni, D=\rst_ni, Q=\rst_ni_d
Replacing sys_ctrl.$procdff$171 ($adff): ARST=\rst_ni, D=$0\cause_captured[0:0], Q=\cause_captured

6. Executing OPT_CLEAN pass (remove unused cells and wires).
Finding unused cells or wires in module \sys_ctrl..

7. Executing FORMALFF pass.

8. Executing OPT_CLEAN pass (remove unused cells and wires).
Finding unused cells or wires in module \sys_ctrl..
Removed 1 unused cells and 1 unused wires.
<suppressed ~2 debug messages>

9. Executing CHECK pass (checking for obvious problems).
Checking module sys_ctrl...
Found and reported 0 problems.

10. Executing SETUNDEF pass (replace undef values with defined constants).

11. Executing OPT pass (performing simple optimizations).

11.1. Executing OPT_EXPR pass (perform const folding).
Optimizing module sys_ctrl.

11.2. Executing OPT_MERGE pass (detect identical cells).
Finding identical cells in module `\sys_ctrl'.
Computing hashes of 61 cells of `\sys_ctrl'.
Finding duplicate cells in `\sys_ctrl'.
Removed a total of 0 cells.

11.3. Executing OPT_DFF pass (perform DFF optimizations).

11.4. Executing OPT_CLEAN pass (remove unused cells and wires).
Finding unused cells or wires in module \sys_ctrl..

11.5. Finished fast OPT passes.

12. Executing OPT_CLEAN pass (remove unused cells and wires).
Finding unused cells or wires in module \sys_ctrl..
Removed 0 unused cells and 7 unused wires.
<suppressed ~1 debug messages>

13. Executing RTLIL backend.
Output filename: ../model/design_prep.il

End of script. Logfile hash: c253ec09ad, time: 0.01s, user: 0.01s, system: 0.01s, MEM: 14.74 MB peak
Yosys 0.65+71 (git sha1 e56c6a954, clang++ 18.1.8 -fPIC -O3)
Time spent: 35% 4x opt_clean (0 sec), 9% 1x check (0 sec), ...
