
 /----------------------------------------------------------------------------\
 |  yosys -- Yosys Open SYnthesis Suite                                       |
 |  Copyright (C) 2012 - 2026  Claire Xenia Wolf <claire@yosyshq.com>         |
 |  Distributed under an ISC-like license, type "license" to see terms        |
 \----------------------------------------------------------------------------/
 Yosys 0.65+71 (git sha1 e56c6a954, clang++ 18.1.8 -fPIC -O3)

-- Executing script file `../model/design.ys' --

1. Executing Verilog-2005 frontend: sys_ctrl.v
Parsing formal SystemVerilog input from `sys_ctrl.v' to AST representation.
Generating RTLIL representation for module `\sys_ctrl'.
Successfully finished Verilog frontend.

2. Executing Verilog-2005 frontend: ef_util_lib.v
Parsing formal SystemVerilog input from `ef_util_lib.v' to AST representation.
Generating RTLIL representation for module `\ef_util_sync'.
Generating RTLIL representation for module `\ef_util_ped'.
Generating RTLIL representation for module `\ef_util_ned'.
Generating RTLIL representation for module `\ef_util_ticker'.
Generating RTLIL representation for module `\ef_util_glitch_filter'.
Generating RTLIL representation for module `\ef_util_fifo'.
Generating RTLIL representation for module `\ef_util_clkmux_2x1'.
Generating RTLIL representation for module `\ef_util_clkmux_4x1'.
Generating RTLIL representation for module `\ef_util_gating_cell'.
Successfully finished Verilog frontend.

3. Executing PREP pass.

3.1. Executing HIERARCHY pass (managing design hierarchy).

3.1.1. Analyzing design hierarchy..
Top module:  \sys_ctrl

3.1.2. Analyzing design hierarchy..
Top module:  \sys_ctrl
Removing unused module `\ef_util_gating_cell'.
Removing unused module `\ef_util_clkmux_4x1'.
Removing unused module `\ef_util_clkmux_2x1'.
Removing unused module `\ef_util_fifo'.
Removing unused module `\ef_util_glitch_filter'.
Removing unused module `\ef_util_ticker'.
Removing unused module `\ef_util_ned'.
Removing unused module `\ef_util_ped'.
Removing unused module `\ef_util_sync'.
Removed 9 unused modules.

3.2. Executing PROC pass (convert processes to netlists).

3.2.1. Executing PROC_CLEAN pass (remove empty switches from decision trees).
Cleaned up 0 empty switches.

3.2.2. Executing PROC_RMDEAD pass (remove dead branches from decision trees).
Marked 2 switch rules as full_case in process $proc$sys_ctrl.v:105$22 in module sys_ctrl.
Marked 5 switch rules as full_case in process $proc$sys_ctrl.v:57$6 in module sys_ctrl.
Removed a total of 0 dead cases.

3.2.3. Executing PROC_PRUNE pass (remove redundant assignments in processes).
Removed 1 redundant assignment.
Promoted 1 assignment to connection.

3.2.4. Executing PROC_INIT pass (extract init attributes).

3.2.5. Executing PROC_ARST pass (detect async resets in processes).
Found async reset \rst_ni in `\sys_ctrl.$proc$sys_ctrl.v:57$6'.

3.2.6. Executing PROC_ROM pass (convert switches to ROMs).
Converted 0 switches.
<suppressed ~10 debug messages>

3.2.7. Executing PROC_MUX pass (convert decision trees to multiplexers).
Creating decoders for process `\sys_ctrl.$proc$sys_ctrl.v:105$22'.
     1/2: $2\prdata[31:0]
     2/2: $1\prdata[31:0]
Creating decoders for process `\sys_ctrl.$proc$sys_ctrl.v:57$6'.
     1/10: $0\sleep_ctrl[7:0] [7:1]
     2/10: $0\sleep_ctrl[7:0] [0]
     3/10: $0\wdt_was_low[0:0]
     4/10: $0\ext_was_low[0:0]
     5/10: $0\cause_captured[0:0]
     6/10: $0\in_sleep[0:0]
     7/10: $0\wake_source[3:0]
     8/10: $0\rst_ni_d[0:0]
     9/10: $0\reset_cause[2:0]
    10/10: $0\clk_div[7:0]

3.2.8. Executing PROC_DLATCH pass (convert process syncs to latches).
No latch inferred for signal `\sys_ctrl.\prdata' from process `\sys_ctrl.$proc$sys_ctrl.v:105$22'.

3.2.9. Executing PROC_DFF pass (convert process syncs to FFs).
Creating register for signal `\sys_ctrl.\clk_div' using process `\sys_ctrl.$proc$sys_ctrl.v:57$6'.
  created $adff cell `$procdff$141' with positive edge clock and positive level reset.
Creating register for signal `\sys_ctrl.\reset_cause' using process `\sys_ctrl.$proc$sys_ctrl.v:57$6'.
  created $adff cell `$procdff$146' with positive edge clock and positive level reset.
Creating register for signal `\sys_ctrl.\sleep_ctrl' using process `\sys_ctrl.$proc$sys_ctrl.v:57$6'.
  created $adff cell `$procdff$151' with positive edge clock and positive level reset.
Creating register for signal `\sys_ctrl.\wake_source' using process `\sys_ctrl.$proc$sys_ctrl.v:57$6'.
  created $adff cell `$procdff$156' with positive edge clock and positive level reset.
Creating register for signal `\sys_ctrl.\in_sleep' using process `\sys_ctrl.$proc$sys_ctrl.v:57$6'.
  created $adff cell `$procdff$161' with positive edge clock and positive level reset.
Creating register for signal `\sys_ctrl.\rst_ni_d' using process `\sys_ctrl.$proc$sys_ctrl.v:57$6'.
  created $adff cell `$procdff$166' with positive edge clock and positive level reset.
Creating register for signal `\sys_ctrl.\cause_captured' using process `\sys_ctrl.$proc$sys_ctrl.v:57$6'.
  created $adff cell `$procdff$171' with positive edge clock and positive level reset.
Creating register for signal `\sys_ctrl.\ext_was_low' using process `\sys_ctrl.$proc$sys_ctrl.v:57$6'.
  created $adff cell `$procdff$176' with positive edge clock and positive level reset.
Creating register for signal `\sys_ctrl.\wdt_was_low' using process `\sys_ctrl.$proc$sys_ctrl.v:57$6'.
  created $adff cell `$procdff$181' with positive edge clock and positive level reset.

3.2.10. Executing PROC_MEMWR pass (convert process memory writes to cells).

3.2.11. Executing PROC_CLEAN pass (remove empty switches from decision trees).
Found and cleaned up 2 empty switches in `\sys_ctrl.$proc$sys_ctrl.v:105$22'.
Removing empty process `sys_ctrl.$proc$sys_ctrl.v:105$22'.
Found and cleaned up 8 empty switches in `\sys_ctrl.$proc$sys_ctrl.v:57$6'.
Removing empty process `sys_ctrl.$proc$sys_ctrl.v:57$6'.
Cleaned up 10 empty switches.

3.2.12. Executing OPT_EXPR pass (perform const folding).
Optimizing module sys_ctrl.
<suppressed ~21 debug messages>

3.3. Executing FUTURE pass.

3.4. Executing OPT_EXPR pass (perform const folding).
Optimizing module sys_ctrl.

3.5. Executing OPT_CLEAN pass (remove unused cells and wires).
Finding unused cells or wires in module \sys_ctrl..
Removed 14 unused cells and 56 unused wires.
<suppressed ~17 debug messages>

3.6. Executing CHECK pass (checking for obvious problems).
Checking module sys_ctrl...
Found and reported 0 problems.

3.7. Executing OPT pass (performing simple optimizations).

3.7.1. Executing OPT_EXPR pass (perform const folding).
Optimizing module sys_ctrl.

3.7.2. Executing OPT_MERGE pass (detect identical cells).
Finding identical cells in module `\sys_ctrl'.
Computing hashes of 52 cells of `\sys_ctrl'.
Finding duplicate cells in `\sys_ctrl'.
Computing hashes of 48 cells of `\sys_ctrl'.
Finding duplicate cells in `\sys_ctrl'.
<suppressed ~12 debug messages>
Removed a total of 4 cells.

3.7.3. Executing OPT_MUXTREE pass (detect dead branches in mux trees).
Running muxtree optimizer on module \sys_ctrl..
  Creating internal representation of mux trees.
  Evaluating internal representation of mux trees.
  Analyzing evaluation results.
    dead port 2/2 on $mux $procmux$91.
Removed 1 multiplexer ports.
<suppressed ~35 debug messages>

3.7.4. Executing OPT_REDUCE pass (consolidate $*mux and $reduce_* inputs).
  Optimizing cells in module \sys_ctrl.
Performed a total of 0 changes.

3.7.5. Executing OPT_MERGE pass (detect identical cells).
Finding identical cells in module `\sys_ctrl'.
Computing hashes of 47 cells of `\sys_ctrl'.
Finding duplicate cells in `\sys_ctrl'.
Removed a total of 0 cells.

3.7.6. Executing OPT_CLEAN pass (remove unused cells and wires).
Finding unused cells or wires in module \sys_ctrl..
Removed 0 unused cells and 5 unused wires.
<suppressed ~1 debug messages>

3.7.7. Executing OPT_EXPR pass (perform const folding).
Optimizing module sys_ctrl.

3.7.8. Rerunning OPT passes. (Maybe there is more to do..)

3.7.9. Executing OPT_MUXTREE pass (detect dead branches in mux trees).
Running muxtree optimizer on module \sys_ctrl..
  Creating internal representation of mux trees.
  Evaluating internal representation of mux trees.
  Analyzing evaluation results.
Removed 0 multiplexer ports.
<suppressed ~34 debug messages>

3.7.10. Executing OPT_REDUCE pass (consolidate $*mux and $reduce_* inputs).
  Optimizing cells in module \sys_ctrl.
Performed a total of 0 changes.

3.7.11. Executing OPT_MERGE pass (detect identical cells).
Finding identical cells in module `\sys_ctrl'.
Computing hashes of 47 cells of `\sys_ctrl'.
Finding duplicate cells in `\sys_ctrl'.
Removed a total of 0 cells.

3.7.12. Executing OPT_CLEAN pass (remove unused cells and wires).
Finding unused cells or wires in module \sys_ctrl..

3.7.13. Executing OPT_EXPR pass (perform const folding).
Optimizing module sys_ctrl.

3.7.14. Finished fast OPT passes. (There is nothing left to do.)

3.8. Executing WREDUCE pass (reducing word size of cells).
Removed top 1 bits (of 32) from mux cell sys_ctrl.$procmux$86 ($pmux).
Removed top 4 bits (of 8) from port B of cell sys_ctrl.$procmux$88_CMP0 ($eq).
Removed top 1 bits (of 32) from mux cell sys_ctrl.$procmux$94 ($mux).
Removed top 4 bits (of 8) from port B of cell sys_ctrl.$procmux$101_CMP0 ($eq).
Removed top 1 bits (of 3) from mux cell sys_ctrl.$procmux$122 ($mux).
Removed top 1 bits (of 3) from mux cell sys_ctrl.$procmux$125 ($mux).
Removed top 1 bits (of 3) from mux cell sys_ctrl.$procmux$128 ($mux).
Removed top 5 bits (of 8) from port B of cell sys_ctrl.$procmux$134_CMP0 ($eq).
Removed top 1 bits (of 32) from wire sys_ctrl.$2\prdata[31:0].
Removed top 1 bits (of 3) from wire sys_ctrl.$procmux$122_Y.
Removed top 1 bits (of 3) from wire sys_ctrl.$procmux$128_Y.
Removed top 1 bits (of 3) from wire sys_ctrl.$procmux$125_Y.

3.9. Executing OPT_CLEAN pass (remove unused cells and wires).
Finding unused cells or wires in module \sys_ctrl..
Removed 0 unused cells and 4 unused wires.
<suppressed ~1 debug messages>

3.10. Executing MEMORY_COLLECT pass (generating $mem cells).

3.11. Executing OPT pass (performing simple optimizations).

3.11.1. Executing OPT_EXPR pass (perform const folding).
Optimizing module sys_ctrl.

3.11.2. Executing OPT_MERGE pass (detect identical cells).
Finding identical cells in module `\sys_ctrl'.
Computing hashes of 47 cells of `\sys_ctrl'.
Finding duplicate cells in `\sys_ctrl'.
Removed a total of 0 cells.

3.11.3. Executing OPT_CLEAN pass (remove unused cells and wires).
Finding unused cells or wires in module \sys_ctrl..

3.11.4. Finished fast OPT passes.

3.12. Executing SORT pass.

3.13. Printing statistics.

=== sys_ctrl ===

        +----------Local Count, excluding submodules.
        | 
       60 wires
      253 wire bits
       25 public wires
      147 public wire bits
       14 ports
       95 port bits
       47 cells
        7   $adff
        3   $eq
        9   $logic_and
        7   $logic_not
       19   $mux
        1   $pmux
        1   $reduce_or

3.14. Executing CHECK pass (checking for obvious problems).
Checking module sys_ctrl...
Found and reported 0 problems.

4. Executing HIERARCHY pass (managing design hierarchy).
Attribute `top' found on module `sys_ctrl'. Setting top module to sys_ctrl.

4.1. Analyzing design hierarchy..
Top module:  \sys_ctrl

4.2. Analyzing design hierarchy..
Top module:  \sys_ctrl
Removed 0 unused modules.

5. Executing jny backend.

6. Executing RTLIL backend.
Output filename: ../model/design.il

End of script. Logfile hash: 283161b028, time: 0.02s, user: 0.02s, system: 0.01s, MEM: 14.75 MB peak
Yosys 0.65+71 (git sha1 e56c6a954, clang++ 18.1.8 -fPIC -O3)
Time spent: 42% 4x read_verilog (0 sec), 13% 5x opt_clean (0 sec), ...
